<?xml version="1.0" encoding="UTF-8"?>
<testsuites name="NEFR Launch New Form " time="596" tests="0" failures="3" errors="0">
   <testsuite name="NEFR Launch New Form " tests="0" failures="3" errors="0" time="596" timestamp="2018-02-26 16:52:00" hostname="angelwong - 192.168.1.10" id="Test Suites/NEFR Launch New Form ">
      <properties>
[...]
</properties>
      <testcase name="Test Cases/MY DETAILS TAB TEST" classname="Test Cases/MY DETAILS TAB TEST" status="FAILED">
         <failure type="FAILED" message="com.kms.katalon.core.webui.exception.WebElementNotFoundException: Web element with id: 'Object Repository/Test Link Page_IFrame/iframeid' located by 'By.xpath: //iframe[@id = 'iframe_id']' not found"/>
         <system-out><![CDATA[2018-02-26 16:52:01 - [TEST_CASE][FAILED] - Test Cases/MY DETAILS TAB TEST: Test Cases/MY DETAILS TAB TEST FAILED because (of) com.kms.katalon.core.webui.exception.WebElementNotFoundException: Web element with id: 'Object Repository/Test Link Page_IFrame/iframeid' located by 'By.xpath: //iframe[@id = 'iframe_id']' not found

2018-02-26 16:52:02 - [TEST_STEP][PASSED] - openBrowser: Browser is opened with url: ''

2018-02-26 16:52:14 - [MESSAGE][PASSED] - Browser is opened with url: ''

2018-02-26 16:52:14 - [TEST_STEP][PASSED] - maximizeWindow: Current window maximized

2018-02-26 16:52:18 - [MESSAGE][PASSED] - Current window maximized

2018-02-26 16:52:18 - [TEST_STEP][PASSED] - navigateToUrl: Navigate to 'http://sit104.sit.startinpoint.com:9080/FEBWrapperApp/' successfully

2018-02-26 16:52:18 - [MESSAGE][PASSED] - Navigate to 'http://sit104.sit.startinpoint.com:9080/FEBWrapperApp/' successfully

2018-02-26 16:52:18 - [TEST_STEP][PASSED] - waitForPageLoad: Wait for page load successfully

2018-02-26 16:52:19 - [MESSAGE][PASSED] - Wait for page load successfully

2018-02-26 16:52:19 - [TEST_STEP][PASSED] - waitForElementPresent: Object 'Object Repository/Test Link Page_IFrame/testlink_inputField' is present

2018-02-26 16:52:19 - [MESSAGE][PASSED] - Object 'Object Repository/Test Link Page_IFrame/testlink_inputField' is present

2018-02-26 16:52:19 - [TEST_STEP][PASSED] - setText: Text 'DOCTY_GRP=A|NNAME=MR. AMIR BIN KASIRAN|VNAME=LASTIE/ NAME|O_CONSTYP=CM|UNNAME=REDDY PALAGATI NISHANTH|USERID=ZIBMPALAGATI|ADDR=BLK 108, %2305-301, TAMPINES STREET 11, Singapore 521108|EMAIL=qsm@ttsh.com.sg|EXTNR=S1205651F|TELNO=1800-2529913|IDNO=24260517766963|FTEMPL=ISH_COMNNCLEN1.101.UAT|EDIT=Y|EINRI=ALEX|FDESC=CONSENT FORM (ENGLISH)|FTYPE=NEFRCONS|FOLDER=0000000919|LTOKEN=4DF80CAB1C0D7B0CCC89DD80EC8465|PATNR=0004838179|PAT_LVL=Y|STATUS=01|TCODE=NV2001|UNAMEIND=Y|VOID=Y|TEST_FLAG=1
' is set on object 'Object Repository/Test Link Page_IFrame/testlink_inputField'

2018-02-26 16:52:19 - [MESSAGE][PASSED] - Text 'DOCTY_GRP=A|NNAME=MR. AMIR BIN KASIRAN|VNAME=LASTIE/ NAME|O_CONSTYP=CM|UNNAME=REDDY PALAGATI NISHANTH|USERID=ZIBMPALAGATI|ADDR=BLK 108, %2305-301, TAMPINES STREET 11, Singapore 521108|EMAIL=qsm@ttsh.com.sg|EXTNR=S1205651F|TELNO=1800-2529913|IDNO=24260517766963|FTEMPL=ISH_COMNNCLEN1.101.UAT|EDIT=Y|EINRI=ALEX|FDESC=CONSENT FORM (ENGLISH)|FTYPE=NEFRCONS|FOLDER=0000000919|LTOKEN=4DF80CAB1C0D7B0CCC89DD80EC8465|PATNR=0004838179|PAT_LVL=Y|STATUS=01|TCODE=NV2001|UNAMEIND=Y|VOID=Y|TEST_FLAG=1
' is set on object 'Object Repository/Test Link Page_IFrame/testlink_inputField'

2018-02-26 16:52:19 - [TEST_STEP][PASSED] - click: Object: 'Object Repository/Test Link Page_IFrame/testlink_btn' is clicked on

2018-02-26 16:52:21 - [MESSAGE][PASSED] - Object: 'Object Repository/Test Link Page_IFrame/testlink_btn' is clicked on

2018-02-26 16:52:21 - [TEST_STEP][PASSED] - waitForPageLoad: Wait for page load successfully

2018-02-26 16:52:21 - [MESSAGE][PASSED] - Wait for page load successfully

2018-02-26 16:52:21 - [TEST_STEP][FAILED] - verifyElementPresent: com.kms.katalon.core.webui.exception.WebElementNotFoundException: Web element with id: 'Object Repository/Test Link Page_IFrame/iframeid' located by 'By.xpath: //iframe[@id = 'iframe_id']' not found

2018-02-26 16:52:24 - [MESSAGE][FAILED] - com.kms.katalon.core.webui.exception.WebElementNotFoundException: Web element with id: 'Object Repository/Test Link Page_IFrame/iframeid' located by 'By.xpath: //iframe[@id = 'iframe_id']' not found
[[ATTACHMENT|/Users/angelwong/Documents/Documents/EFORMS/06 Test Tool/ALEX NEFR TESTING/Reports/NEFR Launch New Form /20180226_165155/1519635144346.png]]

2018-02-26 16:52:24 - [TEST_STEP][PASSED] - delay: Delayed 2 second(s)

2018-02-26 16:52:26 - [MESSAGE][PASSED] - Delayed 2 second(s)

2018-02-26 16:52:26 - [TEST_STEP][FAILED] - Statement - If (com.kms.katalon.core.webui.keyword.WebUiBuiltInKeywords.verifyElementPresent(com.kms.katalon.core.testobject.ObjectRepository.findTestObject(Test Link Page_IFrame/input_j_username), 0)): Unable to verify object 'Object Repository/Test Link Page_IFrame/input_j_username' is present (Root cause: org.openqa.selenium.NoSuchWindowException: Unable to locate window
Build info: version: '3.7.1', revision: '8a0099a', time: '2017-11-06T21:07:36.161Z'
System info: host: 'Angels-Mac.local', ip: 'fe80:0:0:0:10f3:9edc:1f17:cb75%en0', os.name: 'Mac OS X', os.arch: 'x86_64', os.version: '10.12.6', java.version: '1.8.0_102'
Driver info: com.kms.katalon.core.webui.driver.firefox.CGeckoDriver
Capabilities {acceptInsecureCerts: true, browserName: firefox, browserVersion: 58.0.2, javascriptEnabled: true, moz:accessibilityChecks: false, moz:headless: false, moz:processID: 27071, moz:profile: /var/folders/y0/rsrcpgc92v1..., moz:webdriverClick: true, pageLoadStrategy: normal, platform: MAC, platformName: MAC, platformVersion: 16.7.0, proxy: Proxy(direct), rotatable: false, timeouts: {implicit: 0, pageLoad: 300000, script: 30000}}
Session ID: 02e27611-7206-8045-acd2-e2d1024ca819
*** Element info: {Using=xpath, value=//iframe[@id = 'iframe_id']})

2018-02-26 16:52:26 - [MESSAGE][WARNING] - Timeout '0' is invalid. Using default page load timeout: '30'

2018-02-26 16:52:51 - [MESSAGE][WARNING] - Cannot take screenshot

2018-02-26 16:52:51 - [MESSAGE][FAILED] - Unable to verify object 'Object Repository/Test Link Page_IFrame/input_j_username' is present (Root cause: org.openqa.selenium.NoSuchWindowException: Unable to locate window
Build info: version: '3.7.1', revision: '8a0099a', time: '2017-11-06T21:07:36.161Z'
System info: host: 'Angels-Mac.local', ip: 'fe80:0:0:0:10f3:9edc:1f17:cb75%en0', os.name: 'Mac OS X', os.arch: 'x86_64', os.version: '10.12.6', java.version: '1.8.0_102'
Driver info: com.kms.katalon.core.webui.driver.firefox.CGeckoDriver
Capabilities {acceptInsecureCerts: true, browserName: firefox, browserVersion: 58.0.2, javascriptEnabled: true, moz:accessibilityChecks: false, moz:headless: false, moz:processID: 27071, moz:profile: /var/folders/y0/rsrcpgc92v1..., moz:webdriverClick: true, pageLoadStrategy: normal, platform: MAC, platformName: MAC, platformVersion: 16.7.0, proxy: Proxy(direct), rotatable: false, timeouts: {implicit: 0, pageLoad: 300000, script: 30000}}
Session ID: 02e27611-7206-8045-acd2-e2d1024ca819
*** Element info: {Using=xpath, value=//iframe[@id = 'iframe_id']})

2018-02-26 16:52:51 - [TEST_STEP][FAILED] - Statement - applicantAdd = com.kms.katalon.core.webui.keyword.WebUiBuiltInKeywords.getText(com.kms.katalon.core.testobject.ObjectRepository.findTestObject(Applicant Tab/Main Residential Address Field )): Unable to get text of object 'Object Repository/Applicant Tab/Main Residential Address Field ' (Root cause: org.openqa.selenium.NoSuchWindowException: Unable to locate window
Build info: version: '3.7.1', revision: '8a0099a', time: '2017-11-06T21:07:36.161Z'
System info: host: 'Angels-Mac.local', ip: 'fe80:0:0:0:10f3:9edc:1f17:cb75%en0', os.name: 'Mac OS X', os.arch: 'x86_64', os.version: '10.12.6', java.version: '1.8.0_102'
Driver info: com.kms.katalon.core.webui.driver.firefox.CGeckoDriver
Capabilities {acceptInsecureCerts: true, browserName: firefox, browserVersion: 58.0.2, javascriptEnabled: true, moz:accessibilityChecks: false, moz:headless: false, moz:processID: 27071, moz:profile: /var/folders/y0/rsrcpgc92v1..., moz:webdriverClick: true, pageLoadStrategy: normal, platform: MAC, platformName: MAC, platformVersion: 16.7.0, proxy: Proxy(direct), rotatable: false, timeouts: {implicit: 0, pageLoad: 300000, script: 30000}}
Session ID: 02e27611-7206-8045-acd2-e2d1024ca819
*** Element info: {Using=xpath, value=//iframe[@id = 'iframe_id']})

2018-02-26 16:52:51 - [MESSAGE][WARNING] - Cannot take screenshot

2018-02-26 16:52:51 - [MESSAGE][FAILED] - Unable to get text of object 'Object Repository/Applicant Tab/Main Residential Address Field ' (Root cause: org.openqa.selenium.NoSuchWindowException: Unable to locate window
Build info: version: '3.7.1', revision: '8a0099a', time: '2017-11-06T21:07:36.161Z'
System info: host: 'Angels-Mac.local', ip: 'fe80:0:0:0:10f3:9edc:1f17:cb75%en0', os.name: 'Mac OS X', os.arch: 'x86_64', os.version: '10.12.6', java.version: '1.8.0_102'
Driver info: com.kms.katalon.core.webui.driver.firefox.CGeckoDriver
Capabilities {acceptInsecureCerts: true, browserName: firefox, browserVersion: 58.0.2, javascriptEnabled: true, moz:accessibilityChecks: false, moz:headless: false, moz:processID: 27071, moz:profile: /var/folders/y0/rsrcpgc92v1..., moz:webdriverClick: true, pageLoadStrategy: normal, platform: MAC, platformName: MAC, platformVersion: 16.7.0, proxy: Proxy(direct), rotatable: false, timeouts: {implicit: 0, pageLoad: 300000, script: 30000}}
Session ID: 02e27611-7206-8045-acd2-e2d1024ca819
*** Element info: {Using=xpath, value=//iframe[@id = 'iframe_id']})

2018-02-26 16:52:51 - [TEST_STEP][FAILED] - click: Unable to click on object 'Object Repository/My Details Tab/My Details tab btn' (Root cause: org.openqa.selenium.NoSuchWindowException: Unable to locate window
Build info: version: '3.7.1', revision: '8a0099a', time: '2017-11-06T21:07:36.161Z'
System info: host: 'Angels-Mac.local', ip: 'fe80:0:0:0:10f3:9edc:1f17:cb75%en0', os.name: 'Mac OS X', os.arch: 'x86_64', os.version: '10.12.6', java.version: '1.8.0_102'
Driver info: com.kms.katalon.core.webui.driver.firefox.CGeckoDriver
Capabilities {acceptInsecureCerts: true, browserName: firefox, browserVersion: 58.0.2, javascriptEnabled: true, moz:accessibilityChecks: false, moz:headless: false, moz:processID: 27071, moz:profile: /var/folders/y0/rsrcpgc92v1..., moz:webdriverClick: true, pageLoadStrategy: normal, platform: MAC, platformName: MAC, platformVersion: 16.7.0, proxy: Proxy(direct), rotatable: false, timeouts: {implicit: 0, pageLoad: 300000, script: 30000}}
Session ID: 02e27611-7206-8045-acd2-e2d1024ca819
*** Element info: {Using=xpath, value=//iframe[@id = 'iframe_id']})

2018-02-26 16:52:51 - [MESSAGE][WARNING] - Cannot take screenshot

2018-02-26 16:52:51 - [MESSAGE][FAILED] - Unable to click on object 'Object Repository/My Details Tab/My Details tab btn' (Root cause: org.openqa.selenium.NoSuchWindowException: Unable to locate window
Build info: version: '3.7.1', revision: '8a0099a', time: '2017-11-06T21:07:36.161Z'
System info: host: 'Angels-Mac.local', ip: 'fe80:0:0:0:10f3:9edc:1f17:cb75%en0', os.name: 'Mac OS X', os.arch: 'x86_64', os.version: '10.12.6', java.version: '1.8.0_102'
Driver info: com.kms.katalon.core.webui.driver.firefox.CGeckoDriver
Capabilities {acceptInsecureCerts: true, browserName: firefox, browserVersion: 58.0.2, javascriptEnabled: true, moz:accessibilityChecks: false, moz:headless: false, moz:processID: 27071, moz:profile: /var/folders/y0/rsrcpgc92v1..., moz:webdriverClick: true, pageLoadStrategy: normal, platform: MAC, platformName: MAC, platformVersion: 16.7.0, proxy: Proxy(direct), rotatable: false, timeouts: {implicit: 0, pageLoad: 300000, script: 30000}}
Session ID: 02e27611-7206-8045-acd2-e2d1024ca819
*** Element info: {Using=xpath, value=//iframe[@id = 'iframe_id']})

2018-02-26 16:52:51 - [TEST_STEP][FAILED] - verifyElementText: Verify element text of test object 'Object Repository/My Details Tab/My Name label' FAILED. (Root cause: org.openqa.selenium.NoSuchWindowException: Unable to locate window
Build info: version: '3.7.1', revision: '8a0099a', time: '2017-11-06T21:07:36.161Z'
System info: host: 'Angels-Mac.local', ip: 'fe80:0:0:0:10f3:9edc:1f17:cb75%en0', os.name: 'Mac OS X', os.arch: 'x86_64', os.version: '10.12.6', java.version: '1.8.0_102'
Driver info: com.kms.katalon.core.webui.driver.firefox.CGeckoDriver
Capabilities {acceptInsecureCerts: true, browserName: firefox, browserVersion: 58.0.2, javascriptEnabled: true, moz:accessibilityChecks: false, moz:headless: false, moz:processID: 27071, moz:profile: /var/folders/y0/rsrcpgc92v1..., moz:webdriverClick: true, pageLoadStrategy: normal, platform: MAC, platformName: MAC, platformVersion: 16.7.0, proxy: Proxy(direct), rotatable: false, timeouts: {implicit: 0, pageLoad: 300000, script: 30000}}
Session ID: 02e27611-7206-8045-acd2-e2d1024ca819
*** Element info: {Using=xpath, value=//iframe[@id = 'iframe_id']})

2018-02-26 16:52:51 - [MESSAGE][WARNING] - Cannot take screenshot

2018-02-26 16:52:51 - [MESSAGE][FAILED] - Verify element text of test object 'Object Repository/My Details Tab/My Name label' FAILED. (Root cause: org.openqa.selenium.NoSuchWindowException: Unable to locate window
Build info: version: '3.7.1', revision: '8a0099a', time: '2017-11-06T21:07:36.161Z'
System info: host: 'Angels-Mac.local', ip: 'fe80:0:0:0:10f3:9edc:1f17:cb75%en0', os.name: 'Mac OS X', os.arch: 'x86_64', os.version: '10.12.6', java.version: '1.8.0_102'
Driver info: com.kms.katalon.core.webui.driver.firefox.CGeckoDriver
Capabilities {acceptInsecureCerts: true, browserName: firefox, browserVersion: 58.0.2, javascriptEnabled: true, moz:accessibilityChecks: false, moz:headless: false, moz:processID: 27071, moz:profile: /var/folders/y0/rsrcpgc92v1..., moz:webdriverClick: true, pageLoadStrategy: normal, platform: MAC, platformName: MAC, platformVersion: 16.7.0, proxy: Proxy(direct), rotatable: false, timeouts: {implicit: 0, pageLoad: 300000, script: 30000}}
Session ID: 02e27611-7206-8045-acd2-e2d1024ca819
*** Element info: {Using=xpath, value=//iframe[@id = 'iframe_id']})

2018-02-26 16:52:51 - [TEST_STEP][FAILED] - verifyElementAttributeValue: Unable to verify if object 'Object Repository/My Details Tab/My Name Field' has attribute 'value' with value '' (Root cause: org.openqa.selenium.NoSuchWindowException: Unable to locate window
Build info: version: '3.7.1', revision: '8a0099a', time: '2017-11-06T21:07:36.161Z'
System info: host: 'Angels-Mac.local', ip: 'fe80:0:0:0:10f3:9edc:1f17:cb75%en0', os.name: 'Mac OS X', os.arch: 'x86_64', os.version: '10.12.6', java.version: '1.8.0_102'
Driver info: com.kms.katalon.core.webui.driver.firefox.CGeckoDriver
Capabilities {acceptInsecureCerts: true, browserName: firefox, browserVersion: 58.0.2, javascriptEnabled: true, moz:accessibilityChecks: false, moz:headless: false, moz:processID: 27071, moz:profile: /var/folders/y0/rsrcpgc92v1..., moz:webdriverClick: true, pageLoadStrategy: normal, platform: MAC, platformName: MAC, platformVersion: 16.7.0, proxy: Proxy(direct), rotatable: false, timeouts: {implicit: 0, pageLoad: 300000, script: 30000}}
Session ID: 02e27611-7206-8045-acd2-e2d1024ca819
*** Element info: {Using=xpath, value=//iframe[@id = 'iframe_id']})

2018-02-26 16:52:51 - [MESSAGE][WARNING] - Timeout '0' is invalid. Using default page load timeout: '30'

2018-02-26 16:52:51 - [MESSAGE][WARNING] - Cannot take screenshot

2018-02-26 16:52:51 - [MESSAGE][FAILED] - Unable to verify if object 'Object Repository/My Details Tab/My Name Field' has attribute 'value' with value '' (Root cause: org.openqa.selenium.NoSuchWindowException: Unable to locate window
Build info: version: '3.7.1', revision: '8a0099a', time: '2017-11-06T21:07:36.161Z'
System info: host: 'Angels-Mac.local', ip: 'fe80:0:0:0:10f3:9edc:1f17:cb75%en0', os.name: 'Mac OS X', os.arch: 'x86_64', os.version: '10.12.6', java.version: '1.8.0_102'
Driver info: com.kms.katalon.core.webui.driver.firefox.CGeckoDriver
Capabilities {acceptInsecureCerts: true, browserName: firefox, browserVersion: 58.0.2, javascriptEnabled: true, moz:accessibilityChecks: false, moz:headless: false, moz:processID: 27071, moz:profile: /var/folders/y0/rsrcpgc92v1..., moz:webdriverClick: true, pageLoadStrategy: normal, platform: MAC, platformName: MAC, platformVersion: 16.7.0, proxy: Proxy(direct), rotatable: false, timeouts: {implicit: 0, pageLoad: 300000, script: 30000}}
Session ID: 02e27611-7206-8045-acd2-e2d1024ca819
*** Element info: {Using=xpath, value=//iframe[@id = 'iframe_id']})

2018-02-26 16:52:51 - [TEST_STEP][FAILED] - verifyElementText: Verify element text of test object 'Object Repository/My Details Tab/My NRIC label' FAILED. (Root cause: org.openqa.selenium.NoSuchWindowException: Unable to locate window
Build info: version: '3.7.1', revision: '8a0099a', time: '2017-11-06T21:07:36.161Z'
System info: host: 'Angels-Mac.local', ip: 'fe80:0:0:0:10f3:9edc:1f17:cb75%en0', os.name: 'Mac OS X', os.arch: 'x86_64', os.version: '10.12.6', java.version: '1.8.0_102'
Driver info: com.kms.katalon.core.webui.driver.firefox.CGeckoDriver
Capabilities {acceptInsecureCerts: true, browserName: firefox, browserVersion: 58.0.2, javascriptEnabled: true, moz:accessibilityChecks: false, moz:headless: false, moz:processID: 27071, moz:profile: /var/folders/y0/rsrcpgc92v1..., moz:webdriverClick: true, pageLoadStrategy: normal, platform: MAC, platformName: MAC, platformVersion: 16.7.0, proxy: Proxy(direct), rotatable: false, timeouts: {implicit: 0, pageLoad: 300000, script: 30000}}
Session ID: 02e27611-7206-8045-acd2-e2d1024ca819
*** Element info: {Using=xpath, value=//iframe[@id = 'iframe_id']})

2018-02-26 16:52:51 - [MESSAGE][WARNING] - Cannot take screenshot

2018-02-26 16:52:51 - [MESSAGE][FAILED] - Verify element text of test object 'Object Repository/My Details Tab/My NRIC label' FAILED. (Root cause: org.openqa.selenium.NoSuchWindowException: Unable to locate window
Build info: version: '3.7.1', revision: '8a0099a', time: '2017-11-06T21:07:36.161Z'
System info: host: 'Angels-Mac.local', ip: 'fe80:0:0:0:10f3:9edc:1f17:cb75%en0', os.name: 'Mac OS X', os.arch: 'x86_64', os.version: '10.12.6', java.version: '1.8.0_102'
Driver info: com.kms.katalon.core.webui.driver.firefox.CGeckoDriver
Capabilities {acceptInsecureCerts: true, browserName: firefox, browserVersion: 58.0.2, javascriptEnabled: true, moz:accessibilityChecks: false, moz:headless: false, moz:processID: 27071, moz:profile: /var/folders/y0/rsrcpgc92v1..., moz:webdriverClick: true, pageLoadStrategy: normal, platform: MAC, platformName: MAC, platformVersion: 16.7.0, proxy: Proxy(direct), rotatable: false, timeouts: {implicit: 0, pageLoad: 300000, script: 30000}}
Session ID: 02e27611-7206-8045-acd2-e2d1024ca819
*** Element info: {Using=xpath, value=//iframe[@id = 'iframe_id']})

2018-02-26 16:52:51 - [TEST_STEP][FAILED] - verifyElementAttributeValue: Unable to verify if object 'Object Repository/My Details Tab/My NRIC Field' has attribute 'value' with value '' (Root cause: org.openqa.selenium.NoSuchWindowException: Unable to locate window
Build info: version: '3.7.1', revision: '8a0099a', time: '2017-11-06T21:07:36.161Z'
System info: host: 'Angels-Mac.local', ip: 'fe80:0:0:0:10f3:9edc:1f17:cb75%en0', os.name: 'Mac OS X', os.arch: 'x86_64', os.version: '10.12.6', java.version: '1.8.0_102'
Driver info: com.kms.katalon.core.webui.driver.firefox.CGeckoDriver
Capabilities {acceptInsecureCerts: true, browserName: firefox, browserVersion: 58.0.2, javascriptEnabled: true, moz:accessibilityChecks: false, moz:headless: false, moz:processID: 27071, moz:profile: /var/folders/y0/rsrcpgc92v1..., moz:webdriverClick: true, pageLoadStrategy: normal, platform: MAC, platformName: MAC, platformVersion: 16.7.0, proxy: Proxy(direct), rotatable: false, timeouts: {implicit: 0, pageLoad: 300000, script: 30000}}
Session ID: 02e27611-7206-8045-acd2-e2d1024ca819
*** Element info: {Using=xpath, value=//iframe[@id = 'iframe_id']})

2018-02-26 16:52:51 - [MESSAGE][WARNING] - Timeout '0' is invalid. Using default page load timeout: '30'

2018-02-26 16:52:51 - [MESSAGE][WARNING] - Cannot take screenshot

2018-02-26 16:52:51 - [MESSAGE][FAILED] - Unable to verify if object 'Object Repository/My Details Tab/My NRIC Field' has attribute 'value' with value '' (Root cause: org.openqa.selenium.NoSuchWindowException: Unable to locate window
Build info: version: '3.7.1', revision: '8a0099a', time: '2017-11-06T21:07:36.161Z'
System info: host: 'Angels-Mac.local', ip: 'fe80:0:0:0:10f3:9edc:1f17:cb75%en0', os.name: 'Mac OS X', os.arch: 'x86_64', os.version: '10.12.6', java.version: '1.8.0_102'
Driver info: com.kms.katalon.core.webui.driver.firefox.CGeckoDriver
Capabilities {acceptInsecureCerts: true, browserName: firefox, browserVersion: 58.0.2, javascriptEnabled: true, moz:accessibilityChecks: false, moz:headless: false, moz:processID: 27071, moz:profile: /var/folders/y0/rsrcpgc92v1..., moz:webdriverClick: true, pageLoadStrategy: normal, platform: MAC, platformName: MAC, platformVersion: 16.7.0, proxy: Proxy(direct), rotatable: false, timeouts: {implicit: 0, pageLoad: 300000, script: 30000}}
Session ID: 02e27611-7206-8045-acd2-e2d1024ca819
*** Element info: {Using=xpath, value=//iframe[@id = 'iframe_id']})

2018-02-26 16:52:51 - [TEST_STEP][FAILED] - verifyElementText: Verify element text of test object 'Object Repository/My Details Tab/Passport checkbox label' FAILED. (Root cause: org.openqa.selenium.NoSuchWindowException: Unable to locate window
Build info: version: '3.7.1', revision: '8a0099a', time: '2017-11-06T21:07:36.161Z'
System info: host: 'Angels-Mac.local', ip: 'fe80:0:0:0:10f3:9edc:1f17:cb75%en0', os.name: 'Mac OS X', os.arch: 'x86_64', os.version: '10.12.6', java.version: '1.8.0_102'
Driver info: com.kms.katalon.core.webui.driver.firefox.CGeckoDriver
Capabilities {acceptInsecureCerts: true, browserName: firefox, browserVersion: 58.0.2, javascriptEnabled: true, moz:accessibilityChecks: false, moz:headless: false, moz:processID: 27071, moz:profile: /var/folders/y0/rsrcpgc92v1..., moz:webdriverClick: true, pageLoadStrategy: normal, platform: MAC, platformName: MAC, platformVersion: 16.7.0, proxy: Proxy(direct), rotatable: false, timeouts: {implicit: 0, pageLoad: 300000, script: 30000}}
Session ID: 02e27611-7206-8045-acd2-e2d1024ca819
*** Element info: {Using=xpath, value=//iframe[@id = 'iframe_id']})

2018-02-26 16:52:52 - [MESSAGE][WARNING] - Cannot take screenshot

2018-02-26 16:52:52 - [MESSAGE][FAILED] - Verify element text of test object 'Object Repository/My Details Tab/Passport checkbox label' FAILED. (Root cause: org.openqa.selenium.NoSuchWindowException: Unable to locate window
Build info: version: '3.7.1', revision: '8a0099a', time: '2017-11-06T21:07:36.161Z'
System info: host: 'Angels-Mac.local', ip: 'fe80:0:0:0:10f3:9edc:1f17:cb75%en0', os.name: 'Mac OS X', os.arch: 'x86_64', os.version: '10.12.6', java.version: '1.8.0_102'
Driver info: com.kms.katalon.core.webui.driver.firefox.CGeckoDriver
Capabilities {acceptInsecureCerts: true, browserName: firefox, browserVersion: 58.0.2, javascriptEnabled: true, moz:accessibilityChecks: false, moz:headless: false, moz:processID: 27071, moz:profile: /var/folders/y0/rsrcpgc92v1..., moz:webdriverClick: true, pageLoadStrategy: normal, platform: MAC, platformName: MAC, platformVersion: 16.7.0, proxy: Proxy(direct), rotatable: false, timeouts: {implicit: 0, pageLoad: 300000, script: 30000}}
Session ID: 02e27611-7206-8045-acd2-e2d1024ca819
*** Element info: {Using=xpath, value=//iframe[@id = 'iframe_id']})

2018-02-26 16:52:52 - [TEST_STEP][FAILED] - verifyElementPresent: Unable to verify object 'Object Repository/My Details Tab/Passport checkbox' is present (Root cause: org.openqa.selenium.NoSuchWindowException: Unable to locate window
Build info: version: '3.7.1', revision: '8a0099a', time: '2017-11-06T21:07:36.161Z'
System info: host: 'Angels-Mac.local', ip: 'fe80:0:0:0:10f3:9edc:1f17:cb75%en0', os.name: 'Mac OS X', os.arch: 'x86_64', os.version: '10.12.6', java.version: '1.8.0_102'
Driver info: com.kms.katalon.core.webui.driver.firefox.CGeckoDriver
Capabilities {acceptInsecureCerts: true, browserName: firefox, browserVersion: 58.0.2, javascriptEnabled: true, moz:accessibilityChecks: false, moz:headless: false, moz:processID: 27071, moz:profile: /var/folders/y0/rsrcpgc92v1..., moz:webdriverClick: true, pageLoadStrategy: normal, platform: MAC, platformName: MAC, platformVersion: 16.7.0, proxy: Proxy(direct), rotatable: false, timeouts: {implicit: 0, pageLoad: 300000, script: 30000}}
Session ID: 02e27611-7206-8045-acd2-e2d1024ca819
*** Element info: {Using=xpath, value=//iframe[@id = 'iframe_id']})

2018-02-26 16:52:52 - [MESSAGE][WARNING] - Timeout '0' is invalid. Using default page load timeout: '30'

2018-02-26 16:52:52 - [MESSAGE][WARNING] - Cannot take screenshot

2018-02-26 16:52:52 - [MESSAGE][FAILED] - Unable to verify object 'Object Repository/My Details Tab/Passport checkbox' is present (Root cause: org.openqa.selenium.NoSuchWindowException: Unable to locate window
Build info: version: '3.7.1', revision: '8a0099a', time: '2017-11-06T21:07:36.161Z'
System info: host: 'Angels-Mac.local', ip: 'fe80:0:0:0:10f3:9edc:1f17:cb75%en0', os.name: 'Mac OS X', os.arch: 'x86_64', os.version: '10.12.6', java.version: '1.8.0_102'
Driver info: com.kms.katalon.core.webui.driver.firefox.CGeckoDriver
Capabilities {acceptInsecureCerts: true, browserName: firefox, browserVersion: 58.0.2, javascriptEnabled: true, moz:accessibilityChecks: false, moz:headless: false, moz:processID: 27071, moz:profile: /var/folders/y0/rsrcpgc92v1..., moz:webdriverClick: true, pageLoadStrategy: normal, platform: MAC, platformName: MAC, platformVersion: 16.7.0, proxy: Proxy(direct), rotatable: false, timeouts: {implicit: 0, pageLoad: 300000, script: 30000}}
Session ID: 02e27611-7206-8045-acd2-e2d1024ca819
*** Element info: {Using=xpath, value=//iframe[@id = 'iframe_id']})

2018-02-26 16:52:52 - [TEST_STEP][FAILED] - verifyElementText: Verify element text of test object 'Object Repository/My Details Tab/Residential Address label' FAILED. (Root cause: org.openqa.selenium.NoSuchWindowException: Unable to locate window
Build info: version: '3.7.1', revision: '8a0099a', time: '2017-11-06T21:07:36.161Z'
System info: host: 'Angels-Mac.local', ip: 'fe80:0:0:0:10f3:9edc:1f17:cb75%en0', os.name: 'Mac OS X', os.arch: 'x86_64', os.version: '10.12.6', java.version: '1.8.0_102'
Driver info: com.kms.katalon.core.webui.driver.firefox.CGeckoDriver
Capabilities {acceptInsecureCerts: true, browserName: firefox, browserVersion: 58.0.2, javascriptEnabled: true, moz:accessibilityChecks: false, moz:headless: false, moz:processID: 27071, moz:profile: /var/folders/y0/rsrcpgc92v1..., moz:webdriverClick: true, pageLoadStrategy: normal, platform: MAC, platformName: MAC, platformVersion: 16.7.0, proxy: Proxy(direct), rotatable: false, timeouts: {implicit: 0, pageLoad: 300000, script: 30000}}
Session ID: 02e27611-7206-8045-acd2-e2d1024ca819
*** Element info: {Using=xpath, value=//iframe[@id = 'iframe_id']})

2018-02-26 16:52:52 - [MESSAGE][WARNING] - Cannot take screenshot

2018-02-26 16:52:52 - [MESSAGE][FAILED] - Verify element text of test object 'Object Repository/My Details Tab/Residential Address label' FAILED. (Root cause: org.openqa.selenium.NoSuchWindowException: Unable to locate window
Build info: version: '3.7.1', revision: '8a0099a', time: '2017-11-06T21:07:36.161Z'
System info: host: 'Angels-Mac.local', ip: 'fe80:0:0:0:10f3:9edc:1f17:cb75%en0', os.name: 'Mac OS X', os.arch: 'x86_64', os.version: '10.12.6', java.version: '1.8.0_102'
Driver info: com.kms.katalon.core.webui.driver.firefox.CGeckoDriver
Capabilities {acceptInsecureCerts: true, browserName: firefox, browserVersion: 58.0.2, javascriptEnabled: true, moz:accessibilityChecks: false, moz:headless: false, moz:processID: 27071, moz:profile: /var/folders/y0/rsrcpgc92v1..., moz:webdriverClick: true, pageLoadStrategy: normal, platform: MAC, platformName: MAC, platformVersion: 16.7.0, proxy: Proxy(direct), rotatable: false, timeouts: {implicit: 0, pageLoad: 300000, script: 30000}}
Session ID: 02e27611-7206-8045-acd2-e2d1024ca819
*** Element info: {Using=xpath, value=//iframe[@id = 'iframe_id']})

2018-02-26 16:52:52 - [TEST_STEP][FAILED] - verifyElementAttributeValue: Unable to verify if object 'Object Repository/My Details Tab/Residential Address Field' has attribute 'value' with value '' (Root cause: org.openqa.selenium.NoSuchWindowException: Unable to locate window
Build info: version: '3.7.1', revision: '8a0099a', time: '2017-11-06T21:07:36.161Z'
System info: host: 'Angels-Mac.local', ip: 'fe80:0:0:0:10f3:9edc:1f17:cb75%en0', os.name: 'Mac OS X', os.arch: 'x86_64', os.version: '10.12.6', java.version: '1.8.0_102'
Driver info: com.kms.katalon.core.webui.driver.firefox.CGeckoDriver
Capabilities {acceptInsecureCerts: true, browserName: firefox, browserVersion: 58.0.2, javascriptEnabled: true, moz:accessibilityChecks: false, moz:headless: false, moz:processID: 27071, moz:profile: /var/folders/y0/rsrcpgc92v1..., moz:webdriverClick: true, pageLoadStrategy: normal, platform: MAC, platformName: MAC, platformVersion: 16.7.0, proxy: Proxy(direct), rotatable: false, timeouts: {implicit: 0, pageLoad: 300000, script: 30000}}
Session ID: 02e27611-7206-8045-acd2-e2d1024ca819
*** Element info: {Using=xpath, value=//iframe[@id = 'iframe_id']})

2018-02-26 16:52:52 - [MESSAGE][WARNING] - Timeout '0' is invalid. Using default page load timeout: '30'

2018-02-26 16:52:52 - [MESSAGE][WARNING] - Cannot take screenshot

2018-02-26 16:52:52 - [MESSAGE][FAILED] - Unable to verify if object 'Object Repository/My Details Tab/Residential Address Field' has attribute 'value' with value '' (Root cause: org.openqa.selenium.NoSuchWindowException: Unable to locate window
Build info: version: '3.7.1', revision: '8a0099a', time: '2017-11-06T21:07:36.161Z'
System info: host: 'Angels-Mac.local', ip: 'fe80:0:0:0:10f3:9edc:1f17:cb75%en0', os.name: 'Mac OS X', os.arch: 'x86_64', os.version: '10.12.6', java.version: '1.8.0_102'
Driver info: com.kms.katalon.core.webui.driver.firefox.CGeckoDriver
Capabilities {acceptInsecureCerts: true, browserName: firefox, browserVersion: 58.0.2, javascriptEnabled: true, moz:accessibilityChecks: false, moz:headless: false, moz:processID: 27071, moz:profile: /var/folders/y0/rsrcpgc92v1..., moz:webdriverClick: true, pageLoadStrategy: normal, platform: MAC, platformName: MAC, platformVersion: 16.7.0, proxy: Proxy(direct), rotatable: false, timeouts: {implicit: 0, pageLoad: 300000, script: 30000}}
Session ID: 02e27611-7206-8045-acd2-e2d1024ca819
*** Element info: {Using=xpath, value=//iframe[@id = 'iframe_id']})

2018-02-26 16:52:52 - [TEST_STEP][FAILED] - verifyElementText: Verify element text of test object 'Object Repository/My Details Tab/Same address checkbox label' FAILED. (Root cause: org.openqa.selenium.NoSuchWindowException: Unable to locate window
Build info: version: '3.7.1', revision: '8a0099a', time: '2017-11-06T21:07:36.161Z'
System info: host: 'Angels-Mac.local', ip: 'fe80:0:0:0:10f3:9edc:1f17:cb75%en0', os.name: 'Mac OS X', os.arch: 'x86_64', os.version: '10.12.6', java.version: '1.8.0_102'
Driver info: com.kms.katalon.core.webui.driver.firefox.CGeckoDriver
Capabilities {acceptInsecureCerts: true, browserName: firefox, browserVersion: 58.0.2, javascriptEnabled: true, moz:accessibilityChecks: false, moz:headless: false, moz:processID: 27071, moz:profile: /var/folders/y0/rsrcpgc92v1..., moz:webdriverClick: true, pageLoadStrategy: normal, platform: MAC, platformName: MAC, platformVersion: 16.7.0, proxy: Proxy(direct), rotatable: false, timeouts: {implicit: 0, pageLoad: 300000, script: 30000}}
Session ID: 02e27611-7206-8045-acd2-e2d1024ca819
*** Element info: {Using=xpath, value=//iframe[@id = 'iframe_id']})

2018-02-26 16:52:52 - [MESSAGE][WARNING] - Cannot take screenshot

2018-02-26 16:52:52 - [MESSAGE][FAILED] - Verify element text of test object 'Object Repository/My Details Tab/Same address checkbox label' FAILED. (Root cause: org.openqa.selenium.NoSuchWindowException: Unable to locate window
Build info: version: '3.7.1', revision: '8a0099a', time: '2017-11-06T21:07:36.161Z'
System info: host: 'Angels-Mac.local', ip: 'fe80:0:0:0:10f3:9edc:1f17:cb75%en0', os.name: 'Mac OS X', os.arch: 'x86_64', os.version: '10.12.6', java.version: '1.8.0_102'
Driver info: com.kms.katalon.core.webui.driver.firefox.CGeckoDriver
Capabilities {acceptInsecureCerts: true, browserName: firefox, browserVersion: 58.0.2, javascriptEnabled: true, moz:accessibilityChecks: false, moz:headless: false, moz:processID: 27071, moz:profile: /var/folders/y0/rsrcpgc92v1..., moz:webdriverClick: true, pageLoadStrategy: normal, platform: MAC, platformName: MAC, platformVersion: 16.7.0, proxy: Proxy(direct), rotatable: false, timeouts: {implicit: 0, pageLoad: 300000, script: 30000}}
Session ID: 02e27611-7206-8045-acd2-e2d1024ca819
*** Element info: {Using=xpath, value=//iframe[@id = 'iframe_id']})

2018-02-26 16:52:52 - [TEST_STEP][PASSED] - Statement - If (O_CONSTYP == "CN"): null

2018-02-26 16:52:52 - [TEST_STEP][FAILED] - Statement - Else If (O_CONSTYP == "CI" || O_CONSTYP == "CM"): Verify element text of test object 'Object Repository/My Details Tab/Residential Address Field' FAILED. (Root cause: org.openqa.selenium.NoSuchWindowException: Unable to locate window
Build info: version: '3.7.1', revision: '8a0099a', time: '2017-11-06T21:07:36.161Z'
System info: host: 'Angels-Mac.local', ip: 'fe80:0:0:0:10f3:9edc:1f17:cb75%en0', os.name: 'Mac OS X', os.arch: 'x86_64', os.version: '10.12.6', java.version: '1.8.0_102'
Driver info: com.kms.katalon.core.webui.driver.firefox.CGeckoDriver
Capabilities {acceptInsecureCerts: true, browserName: firefox, browserVersion: 58.0.2, javascriptEnabled: true, moz:accessibilityChecks: false, moz:headless: false, moz:processID: 27071, moz:profile: /var/folders/y0/rsrcpgc92v1..., moz:webdriverClick: true, pageLoadStrategy: normal, platform: MAC, platformName: MAC, platformVersion: 16.7.0, proxy: Proxy(direct), rotatable: false, timeouts: {implicit: 0, pageLoad: 300000, script: 30000}}
Session ID: 02e27611-7206-8045-acd2-e2d1024ca819
*** Element info: {Using=xpath, value=//iframe[@id = 'iframe_id']})

2018-02-26 16:52:52 - [TEST_STEP][FAILED] - verifyElementVisibleInViewport: Unable to verify if object 'Object Repository/My Details Tab/My Name Field Invalid Msg ' is visible in viewport (Root cause: org.openqa.selenium.NoSuchWindowException: Unable to locate window
Build info: version: '3.7.1', revision: '8a0099a', time: '2017-11-06T21:07:36.161Z'
System info: host: 'Angels-Mac.local', ip: 'fe80:0:0:0:10f3:9edc:1f17:cb75%en0', os.name: 'Mac OS X', os.arch: 'x86_64', os.version: '10.12.6', java.version: '1.8.0_102'
Driver info: com.kms.katalon.core.webui.driver.firefox.CGeckoDriver
Capabilities {acceptInsecureCerts: true, browserName: firefox, browserVersion: 58.0.2, javascriptEnabled: true, moz:accessibilityChecks: false, moz:headless: false, moz:processID: 27071, moz:profile: /var/folders/y0/rsrcpgc92v1..., moz:webdriverClick: true, pageLoadStrategy: normal, platform: MAC, platformName: MAC, platformVersion: 16.7.0, proxy: Proxy(direct), rotatable: false, timeouts: {implicit: 0, pageLoad: 300000, script: 30000}}
Session ID: 02e27611-7206-8045-acd2-e2d1024ca819
*** Element info: {Using=xpath, value=//iframe[@id = 'iframe_id']})

2018-02-26 16:52:52 - [MESSAGE][WARNING] - Timeout '0' is invalid. Using default page load timeout: '30'

2018-02-26 16:52:52 - [MESSAGE][WARNING] - Cannot take screenshot

2018-02-26 16:52:52 - [MESSAGE][FAILED] - Unable to verify if object 'Object Repository/My Details Tab/My Name Field Invalid Msg ' is visible in viewport (Root cause: org.openqa.selenium.NoSuchWindowException: Unable to locate window
Build info: version: '3.7.1', revision: '8a0099a', time: '2017-11-06T21:07:36.161Z'
System info: host: 'Angels-Mac.local', ip: 'fe80:0:0:0:10f3:9edc:1f17:cb75%en0', os.name: 'Mac OS X', os.arch: 'x86_64', os.version: '10.12.6', java.version: '1.8.0_102'
Driver info: com.kms.katalon.core.webui.driver.firefox.CGeckoDriver
Capabilities {acceptInsecureCerts: true, browserName: firefox, browserVersion: 58.0.2, javascriptEnabled: true, moz:accessibilityChecks: false, moz:headless: false, moz:processID: 27071, moz:profile: /var/folders/y0/rsrcpgc92v1..., moz:webdriverClick: true, pageLoadStrategy: normal, platform: MAC, platformName: MAC, platformVersion: 16.7.0, proxy: Proxy(direct), rotatable: false, timeouts: {implicit: 0, pageLoad: 300000, script: 30000}}
Session ID: 02e27611-7206-8045-acd2-e2d1024ca819
*** Element info: {Using=xpath, value=//iframe[@id = 'iframe_id']})

2018-02-26 16:52:52 - [TEST_STEP][FAILED] - verifyElementText: Verify element text of test object 'Object Repository/My Details Tab/My Name Field Invalid Msg ' FAILED. (Root cause: org.openqa.selenium.NoSuchWindowException: Unable to locate window
Build info: version: '3.7.1', revision: '8a0099a', time: '2017-11-06T21:07:36.161Z'
System info: host: 'Angels-Mac.local', ip: 'fe80:0:0:0:10f3:9edc:1f17:cb75%en0', os.name: 'Mac OS X', os.arch: 'x86_64', os.version: '10.12.6', java.version: '1.8.0_102'
Driver info: com.kms.katalon.core.webui.driver.firefox.CGeckoDriver
Capabilities {acceptInsecureCerts: true, browserName: firefox, browserVersion: 58.0.2, javascriptEnabled: true, moz:accessibilityChecks: false, moz:headless: false, moz:processID: 27071, moz:profile: /var/folders/y0/rsrcpgc92v1..., moz:webdriverClick: true, pageLoadStrategy: normal, platform: MAC, platformName: MAC, platformVersion: 16.7.0, proxy: Proxy(direct), rotatable: false, timeouts: {implicit: 0, pageLoad: 300000, script: 30000}}
Session ID: 02e27611-7206-8045-acd2-e2d1024ca819
*** Element info: {Using=xpath, value=//iframe[@id = 'iframe_id']})

2018-02-26 16:52:52 - [MESSAGE][WARNING] - Cannot take screenshot

2018-02-26 16:52:52 - [MESSAGE][FAILED] - Verify element text of test object 'Object Repository/My Details Tab/My Name Field Invalid Msg ' FAILED. (Root cause: org.openqa.selenium.NoSuchWindowException: Unable to locate window
Build info: version: '3.7.1', revision: '8a0099a', time: '2017-11-06T21:07:36.161Z'
System info: host: 'Angels-Mac.local', ip: 'fe80:0:0:0:10f3:9edc:1f17:cb75%en0', os.name: 'Mac OS X', os.arch: 'x86_64', os.version: '10.12.6', java.version: '1.8.0_102'
Driver info: com.kms.katalon.core.webui.driver.firefox.CGeckoDriver
Capabilities {acceptInsecureCerts: true, browserName: firefox, browserVersion: 58.0.2, javascriptEnabled: true, moz:accessibilityChecks: false, moz:headless: false, moz:processID: 27071, moz:profile: /var/folders/y0/rsrcpgc92v1..., moz:webdriverClick: true, pageLoadStrategy: normal, platform: MAC, platformName: MAC, platformVersion: 16.7.0, proxy: Proxy(direct), rotatable: false, timeouts: {implicit: 0, pageLoad: 300000, script: 30000}}
Session ID: 02e27611-7206-8045-acd2-e2d1024ca819
*** Element info: {Using=xpath, value=//iframe[@id = 'iframe_id']})

2018-02-26 16:52:52 - [TEST_STEP][FAILED] - setText: Unable to set text 'Phua Sing Tat' of object 'Object Repository/My Details Tab/My Name Field' (Root cause: org.openqa.selenium.NoSuchWindowException: Unable to locate window
Build info: version: '3.7.1', revision: '8a0099a', time: '2017-11-06T21:07:36.161Z'
System info: host: 'Angels-Mac.local', ip: 'fe80:0:0:0:10f3:9edc:1f17:cb75%en0', os.name: 'Mac OS X', os.arch: 'x86_64', os.version: '10.12.6', java.version: '1.8.0_102'
Driver info: com.kms.katalon.core.webui.driver.firefox.CGeckoDriver
Capabilities {acceptInsecureCerts: true, browserName: firefox, browserVersion: 58.0.2, javascriptEnabled: true, moz:accessibilityChecks: false, moz:headless: false, moz:processID: 27071, moz:profile: /var/folders/y0/rsrcpgc92v1..., moz:webdriverClick: true, pageLoadStrategy: normal, platform: MAC, platformName: MAC, platformVersion: 16.7.0, proxy: Proxy(direct), rotatable: false, timeouts: {implicit: 0, pageLoad: 300000, script: 30000}}
Session ID: 02e27611-7206-8045-acd2-e2d1024ca819
*** Element info: {Using=xpath, value=//iframe[@id = 'iframe_id']})

2018-02-26 16:52:52 - [MESSAGE][WARNING] - Cannot take screenshot

2018-02-26 16:52:52 - [MESSAGE][FAILED] - Unable to set text 'Phua Sing Tat' of object 'Object Repository/My Details Tab/My Name Field' (Root cause: org.openqa.selenium.NoSuchWindowException: Unable to locate window
Build info: version: '3.7.1', revision: '8a0099a', time: '2017-11-06T21:07:36.161Z'
System info: host: 'Angels-Mac.local', ip: 'fe80:0:0:0:10f3:9edc:1f17:cb75%en0', os.name: 'Mac OS X', os.arch: 'x86_64', os.version: '10.12.6', java.version: '1.8.0_102'
Driver info: com.kms.katalon.core.webui.driver.firefox.CGeckoDriver
Capabilities {acceptInsecureCerts: true, browserName: firefox, browserVersion: 58.0.2, javascriptEnabled: true, moz:accessibilityChecks: false, moz:headless: false, moz:processID: 27071, moz:profile: /var/folders/y0/rsrcpgc92v1..., moz:webdriverClick: true, pageLoadStrategy: normal, platform: MAC, platformName: MAC, platformVersion: 16.7.0, proxy: Proxy(direct), rotatable: false, timeouts: {implicit: 0, pageLoad: 300000, script: 30000}}
Session ID: 02e27611-7206-8045-acd2-e2d1024ca819
*** Element info: {Using=xpath, value=//iframe[@id = 'iframe_id']})

2018-02-26 16:52:52 - [TEST_STEP][FAILED] - click: Unable to click on object 'Object Repository/My Details Tab/My Name label' (Root cause: org.openqa.selenium.NoSuchWindowException: Unable to locate window
Build info: version: '3.7.1', revision: '8a0099a', time: '2017-11-06T21:07:36.161Z'
System info: host: 'Angels-Mac.local', ip: 'fe80:0:0:0:10f3:9edc:1f17:cb75%en0', os.name: 'Mac OS X', os.arch: 'x86_64', os.version: '10.12.6', java.version: '1.8.0_102'
Driver info: com.kms.katalon.core.webui.driver.firefox.CGeckoDriver
Capabilities {acceptInsecureCerts: true, browserName: firefox, browserVersion: 58.0.2, javascriptEnabled: true, moz:accessibilityChecks: false, moz:headless: false, moz:processID: 27071, moz:profile: /var/folders/y0/rsrcpgc92v1..., moz:webdriverClick: true, pageLoadStrategy: normal, platform: MAC, platformName: MAC, platformVersion: 16.7.0, proxy: Proxy(direct), rotatable: false, timeouts: {implicit: 0, pageLoad: 300000, script: 30000}}
Session ID: 02e27611-7206-8045-acd2-e2d1024ca819
*** Element info: {Using=xpath, value=//iframe[@id = 'iframe_id']})

2018-02-26 16:52:52 - [MESSAGE][WARNING] - Cannot take screenshot

2018-02-26 16:52:52 - [MESSAGE][FAILED] - Unable to click on object 'Object Repository/My Details Tab/My Name label' (Root cause: org.openqa.selenium.NoSuchWindowException: Unable to locate window
Build info: version: '3.7.1', revision: '8a0099a', time: '2017-11-06T21:07:36.161Z'
System info: host: 'Angels-Mac.local', ip: 'fe80:0:0:0:10f3:9edc:1f17:cb75%en0', os.name: 'Mac OS X', os.arch: 'x86_64', os.version: '10.12.6', java.version: '1.8.0_102'
Driver info: com.kms.katalon.core.webui.driver.firefox.CGeckoDriver
Capabilities {acceptInsecureCerts: true, browserName: firefox, browserVersion: 58.0.2, javascriptEnabled: true, moz:accessibilityChecks: false, moz:headless: false, moz:processID: 27071, moz:profile: /var/folders/y0/rsrcpgc92v1..., moz:webdriverClick: true, pageLoadStrategy: normal, platform: MAC, platformName: MAC, platformVersion: 16.7.0, proxy: Proxy(direct), rotatable: false, timeouts: {implicit: 0, pageLoad: 300000, script: 30000}}
Session ID: 02e27611-7206-8045-acd2-e2d1024ca819
*** Element info: {Using=xpath, value=//iframe[@id = 'iframe_id']})

2018-02-26 16:52:52 - [TEST_STEP][FAILED] - verifyElementNotVisibleInViewport: Unable to verify if object 'Object Repository/My Details Tab/My Name Field Invalid Msg ' is not visible in viewport (Root cause: org.openqa.selenium.NoSuchWindowException: Unable to locate window
Build info: version: '3.7.1', revision: '8a0099a', time: '2017-11-06T21:07:36.161Z'
System info: host: 'Angels-Mac.local', ip: 'fe80:0:0:0:10f3:9edc:1f17:cb75%en0', os.name: 'Mac OS X', os.arch: 'x86_64', os.version: '10.12.6', java.version: '1.8.0_102'
Driver info: com.kms.katalon.core.webui.driver.firefox.CGeckoDriver
Capabilities {acceptInsecureCerts: true, browserName: firefox, browserVersion: 58.0.2, javascriptEnabled: true, moz:accessibilityChecks: false, moz:headless: false, moz:processID: 27071, moz:profile: /var/folders/y0/rsrcpgc92v1..., moz:webdriverClick: true, pageLoadStrategy: normal, platform: MAC, platformName: MAC, platformVersion: 16.7.0, proxy: Proxy(direct), rotatable: false, timeouts: {implicit: 0, pageLoad: 300000, script: 30000}}
Session ID: 02e27611-7206-8045-acd2-e2d1024ca819
*** Element info: {Using=xpath, value=//iframe[@id = 'iframe_id']})

2018-02-26 16:52:52 - [MESSAGE][WARNING] - Timeout '0' is invalid. Using default page load timeout: '30'

2018-02-26 16:52:52 - [MESSAGE][WARNING] - Cannot take screenshot

2018-02-26 16:52:52 - [MESSAGE][FAILED] - Unable to verify if object 'Object Repository/My Details Tab/My Name Field Invalid Msg ' is not visible in viewport (Root cause: org.openqa.selenium.NoSuchWindowException: Unable to locate window
Build info: version: '3.7.1', revision: '8a0099a', time: '2017-11-06T21:07:36.161Z'
System info: host: 'Angels-Mac.local', ip: 'fe80:0:0:0:10f3:9edc:1f17:cb75%en0', os.name: 'Mac OS X', os.arch: 'x86_64', os.version: '10.12.6', java.version: '1.8.0_102'
Driver info: com.kms.katalon.core.webui.driver.firefox.CGeckoDriver
Capabilities {acceptInsecureCerts: true, browserName: firefox, browserVersion: 58.0.2, javascriptEnabled: true, moz:accessibilityChecks: false, moz:headless: false, moz:processID: 27071, moz:profile: /var/folders/y0/rsrcpgc92v1..., moz:webdriverClick: true, pageLoadStrategy: normal, platform: MAC, platformName: MAC, platformVersion: 16.7.0, proxy: Proxy(direct), rotatable: false, timeouts: {implicit: 0, pageLoad: 300000, script: 30000}}
Session ID: 02e27611-7206-8045-acd2-e2d1024ca819
*** Element info: {Using=xpath, value=//iframe[@id = 'iframe_id']})

2018-02-26 16:52:52 - [TEST_STEP][FAILED] - verifyElementVisibleInViewport: Unable to verify if object 'Object Repository/My Details Tab/My NRIC Field Invalid Msg' is visible in viewport (Root cause: org.openqa.selenium.NoSuchWindowException: Unable to locate window
Build info: version: '3.7.1', revision: '8a0099a', time: '2017-11-06T21:07:36.161Z'
System info: host: 'Angels-Mac.local', ip: 'fe80:0:0:0:10f3:9edc:1f17:cb75%en0', os.name: 'Mac OS X', os.arch: 'x86_64', os.version: '10.12.6', java.version: '1.8.0_102'
Driver info: com.kms.katalon.core.webui.driver.firefox.CGeckoDriver
Capabilities {acceptInsecureCerts: true, browserName: firefox, browserVersion: 58.0.2, javascriptEnabled: true, moz:accessibilityChecks: false, moz:headless: false, moz:processID: 27071, moz:profile: /var/folders/y0/rsrcpgc92v1..., moz:webdriverClick: true, pageLoadStrategy: normal, platform: MAC, platformName: MAC, platformVersion: 16.7.0, proxy: Proxy(direct), rotatable: false, timeouts: {implicit: 0, pageLoad: 300000, script: 30000}}
Session ID: 02e27611-7206-8045-acd2-e2d1024ca819
*** Element info: {Using=xpath, value=//iframe[@id = 'iframe_id']})

2018-02-26 16:52:52 - [MESSAGE][WARNING] - Timeout '0' is invalid. Using default page load timeout: '30'

2018-02-26 16:52:52 - [MESSAGE][WARNING] - Cannot take screenshot

2018-02-26 16:52:52 - [MESSAGE][FAILED] - Unable to verify if object 'Object Repository/My Details Tab/My NRIC Field Invalid Msg' is visible in viewport (Root cause: org.openqa.selenium.NoSuchWindowException: Unable to locate window
Build info: version: '3.7.1', revision: '8a0099a', time: '2017-11-06T21:07:36.161Z'
System info: host: 'Angels-Mac.local', ip: 'fe80:0:0:0:10f3:9edc:1f17:cb75%en0', os.name: 'Mac OS X', os.arch: 'x86_64', os.version: '10.12.6', java.version: '1.8.0_102'
Driver info: com.kms.katalon.core.webui.driver.firefox.CGeckoDriver
Capabilities {acceptInsecureCerts: true, browserName: firefox, browserVersion: 58.0.2, javascriptEnabled: true, moz:accessibilityChecks: false, moz:headless: false, moz:processID: 27071, moz:profile: /var/folders/y0/rsrcpgc92v1..., moz:webdriverClick: true, pageLoadStrategy: normal, platform: MAC, platformName: MAC, platformVersion: 16.7.0, proxy: Proxy(direct), rotatable: false, timeouts: {implicit: 0, pageLoad: 300000, script: 30000}}
Session ID: 02e27611-7206-8045-acd2-e2d1024ca819
*** Element info: {Using=xpath, value=//iframe[@id = 'iframe_id']})

2018-02-26 16:52:52 - [TEST_STEP][FAILED] - verifyElementText: Verify element text of test object 'Object Repository/My Details Tab/My NRIC Field Invalid Msg' FAILED. (Root cause: org.openqa.selenium.NoSuchWindowException: Unable to locate window
Build info: version: '3.7.1', revision: '8a0099a', time: '2017-11-06T21:07:36.161Z'
System info: host: 'Angels-Mac.local', ip: 'fe80:0:0:0:10f3:9edc:1f17:cb75%en0', os.name: 'Mac OS X', os.arch: 'x86_64', os.version: '10.12.6', java.version: '1.8.0_102'
Driver info: com.kms.katalon.core.webui.driver.firefox.CGeckoDriver
Capabilities {acceptInsecureCerts: true, browserName: firefox, browserVersion: 58.0.2, javascriptEnabled: true, moz:accessibilityChecks: false, moz:headless: false, moz:processID: 27071, moz:profile: /var/folders/y0/rsrcpgc92v1..., moz:webdriverClick: true, pageLoadStrategy: normal, platform: MAC, platformName: MAC, platformVersion: 16.7.0, proxy: Proxy(direct), rotatable: false, timeouts: {implicit: 0, pageLoad: 300000, script: 30000}}
Session ID: 02e27611-7206-8045-acd2-e2d1024ca819
*** Element info: {Using=xpath, value=//iframe[@id = 'iframe_id']})

2018-02-26 16:52:52 - [MESSAGE][WARNING] - Cannot take screenshot

2018-02-26 16:52:52 - [MESSAGE][FAILED] - Verify element text of test object 'Object Repository/My Details Tab/My NRIC Field Invalid Msg' FAILED. (Root cause: org.openqa.selenium.NoSuchWindowException: Unable to locate window
Build info: version: '3.7.1', revision: '8a0099a', time: '2017-11-06T21:07:36.161Z'
System info: host: 'Angels-Mac.local', ip: 'fe80:0:0:0:10f3:9edc:1f17:cb75%en0', os.name: 'Mac OS X', os.arch: 'x86_64', os.version: '10.12.6', java.version: '1.8.0_102'
Driver info: com.kms.katalon.core.webui.driver.firefox.CGeckoDriver
Capabilities {acceptInsecureCerts: true, browserName: firefox, browserVersion: 58.0.2, javascriptEnabled: true, moz:accessibilityChecks: false, moz:headless: false, moz:processID: 27071, moz:profile: /var/folders/y0/rsrcpgc92v1..., moz:webdriverClick: true, pageLoadStrategy: normal, platform: MAC, platformName: MAC, platformVersion: 16.7.0, proxy: Proxy(direct), rotatable: false, timeouts: {implicit: 0, pageLoad: 300000, script: 30000}}
Session ID: 02e27611-7206-8045-acd2-e2d1024ca819
*** Element info: {Using=xpath, value=//iframe[@id = 'iframe_id']})

2018-02-26 16:52:52 - [TEST_STEP][FAILED] - setText: Unable to set text 'S1234567G' of object 'Object Repository/My Details Tab/My NRIC Field' (Root cause: org.openqa.selenium.NoSuchWindowException: Unable to locate window
Build info: version: '3.7.1', revision: '8a0099a', time: '2017-11-06T21:07:36.161Z'
System info: host: 'Angels-Mac.local', ip: 'fe80:0:0:0:10f3:9edc:1f17:cb75%en0', os.name: 'Mac OS X', os.arch: 'x86_64', os.version: '10.12.6', java.version: '1.8.0_102'
Driver info: com.kms.katalon.core.webui.driver.firefox.CGeckoDriver
Capabilities {acceptInsecureCerts: true, browserName: firefox, browserVersion: 58.0.2, javascriptEnabled: true, moz:accessibilityChecks: false, moz:headless: false, moz:processID: 27071, moz:profile: /var/folders/y0/rsrcpgc92v1..., moz:webdriverClick: true, pageLoadStrategy: normal, platform: MAC, platformName: MAC, platformVersion: 16.7.0, proxy: Proxy(direct), rotatable: false, timeouts: {implicit: 0, pageLoad: 300000, script: 30000}}
Session ID: 02e27611-7206-8045-acd2-e2d1024ca819
*** Element info: {Using=xpath, value=//iframe[@id = 'iframe_id']})

2018-02-26 16:52:52 - [MESSAGE][WARNING] - Cannot take screenshot

2018-02-26 16:52:52 - [MESSAGE][FAILED] - Unable to set text 'S1234567G' of object 'Object Repository/My Details Tab/My NRIC Field' (Root cause: org.openqa.selenium.NoSuchWindowException: Unable to locate window
Build info: version: '3.7.1', revision: '8a0099a', time: '2017-11-06T21:07:36.161Z'
System info: host: 'Angels-Mac.local', ip: 'fe80:0:0:0:10f3:9edc:1f17:cb75%en0', os.name: 'Mac OS X', os.arch: 'x86_64', os.version: '10.12.6', java.version: '1.8.0_102'
Driver info: com.kms.katalon.core.webui.driver.firefox.CGeckoDriver
Capabilities {acceptInsecureCerts: true, browserName: firefox, browserVersion: 58.0.2, javascriptEnabled: true, moz:accessibilityChecks: false, moz:headless: false, moz:processID: 27071, moz:profile: /var/folders/y0/rsrcpgc92v1..., moz:webdriverClick: true, pageLoadStrategy: normal, platform: MAC, platformName: MAC, platformVersion: 16.7.0, proxy: Proxy(direct), rotatable: false, timeouts: {implicit: 0, pageLoad: 300000, script: 30000}}
Session ID: 02e27611-7206-8045-acd2-e2d1024ca819
*** Element info: {Using=xpath, value=//iframe[@id = 'iframe_id']})

2018-02-26 16:52:52 - [TEST_STEP][FAILED] - click: Unable to click on object 'Object Repository/My Details Tab/My Name label' (Root cause: org.openqa.selenium.NoSuchWindowException: Unable to locate window
Build info: version: '3.7.1', revision: '8a0099a', time: '2017-11-06T21:07:36.161Z'
System info: host: 'Angels-Mac.local', ip: 'fe80:0:0:0:10f3:9edc:1f17:cb75%en0', os.name: 'Mac OS X', os.arch: 'x86_64', os.version: '10.12.6', java.version: '1.8.0_102'
Driver info: com.kms.katalon.core.webui.driver.firefox.CGeckoDriver
Capabilities {acceptInsecureCerts: true, browserName: firefox, browserVersion: 58.0.2, javascriptEnabled: true, moz:accessibilityChecks: false, moz:headless: false, moz:processID: 27071, moz:profile: /var/folders/y0/rsrcpgc92v1..., moz:webdriverClick: true, pageLoadStrategy: normal, platform: MAC, platformName: MAC, platformVersion: 16.7.0, proxy: Proxy(direct), rotatable: false, timeouts: {implicit: 0, pageLoad: 300000, script: 30000}}
Session ID: 02e27611-7206-8045-acd2-e2d1024ca819
*** Element info: {Using=xpath, value=//iframe[@id = 'iframe_id']})

2018-02-26 16:52:52 - [MESSAGE][WARNING] - Cannot take screenshot

2018-02-26 16:52:52 - [MESSAGE][FAILED] - Unable to click on object 'Object Repository/My Details Tab/My Name label' (Root cause: org.openqa.selenium.NoSuchWindowException: Unable to locate window
Build info: version: '3.7.1', revision: '8a0099a', time: '2017-11-06T21:07:36.161Z'
System info: host: 'Angels-Mac.local', ip: 'fe80:0:0:0:10f3:9edc:1f17:cb75%en0', os.name: 'Mac OS X', os.arch: 'x86_64', os.version: '10.12.6', java.version: '1.8.0_102'
Driver info: com.kms.katalon.core.webui.driver.firefox.CGeckoDriver
Capabilities {acceptInsecureCerts: true, browserName: firefox, browserVersion: 58.0.2, javascriptEnabled: true, moz:accessibilityChecks: false, moz:headless: false, moz:processID: 27071, moz:profile: /var/folders/y0/rsrcpgc92v1..., moz:webdriverClick: true, pageLoadStrategy: normal, platform: MAC, platformName: MAC, platformVersion: 16.7.0, proxy: Proxy(direct), rotatable: false, timeouts: {implicit: 0, pageLoad: 300000, script: 30000}}
Session ID: 02e27611-7206-8045-acd2-e2d1024ca819
*** Element info: {Using=xpath, value=//iframe[@id = 'iframe_id']})

2018-02-26 16:52:52 - [TEST_STEP][FAILED] - verifyElementText: Verify element text of test object 'Object Repository/My Details Tab/My NRIC Field Invalid Msg' FAILED. (Root cause: org.openqa.selenium.NoSuchWindowException: Unable to locate window
Build info: version: '3.7.1', revision: '8a0099a', time: '2017-11-06T21:07:36.161Z'
System info: host: 'Angels-Mac.local', ip: 'fe80:0:0:0:10f3:9edc:1f17:cb75%en0', os.name: 'Mac OS X', os.arch: 'x86_64', os.version: '10.12.6', java.version: '1.8.0_102'
Driver info: com.kms.katalon.core.webui.driver.firefox.CGeckoDriver
Capabilities {acceptInsecureCerts: true, browserName: firefox, browserVersion: 58.0.2, javascriptEnabled: true, moz:accessibilityChecks: false, moz:headless: false, moz:processID: 27071, moz:profile: /var/folders/y0/rsrcpgc92v1..., moz:webdriverClick: true, pageLoadStrategy: normal, platform: MAC, platformName: MAC, platformVersion: 16.7.0, proxy: Proxy(direct), rotatable: false, timeouts: {implicit: 0, pageLoad: 300000, script: 30000}}
Session ID: 02e27611-7206-8045-acd2-e2d1024ca819
*** Element info: {Using=xpath, value=//iframe[@id = 'iframe_id']})

2018-02-26 16:52:52 - [MESSAGE][WARNING] - Cannot take screenshot

2018-02-26 16:52:52 - [MESSAGE][FAILED] - Verify element text of test object 'Object Repository/My Details Tab/My NRIC Field Invalid Msg' FAILED. (Root cause: org.openqa.selenium.NoSuchWindowException: Unable to locate window
Build info: version: '3.7.1', revision: '8a0099a', time: '2017-11-06T21:07:36.161Z'
System info: host: 'Angels-Mac.local', ip: 'fe80:0:0:0:10f3:9edc:1f17:cb75%en0', os.name: 'Mac OS X', os.arch: 'x86_64', os.version: '10.12.6', java.version: '1.8.0_102'
Driver info: com.kms.katalon.core.webui.driver.firefox.CGeckoDriver
Capabilities {acceptInsecureCerts: true, browserName: firefox, browserVersion: 58.0.2, javascriptEnabled: true, moz:accessibilityChecks: false, moz:headless: false, moz:processID: 27071, moz:profile: /var/folders/y0/rsrcpgc92v1..., moz:webdriverClick: true, pageLoadStrategy: normal, platform: MAC, platformName: MAC, platformVersion: 16.7.0, proxy: Proxy(direct), rotatable: false, timeouts: {implicit: 0, pageLoad: 300000, script: 30000}}
Session ID: 02e27611-7206-8045-acd2-e2d1024ca819
*** Element info: {Using=xpath, value=//iframe[@id = 'iframe_id']})

2018-02-26 16:52:52 - [TEST_STEP][FAILED] - check: Unable to check object 'Object Repository/My Details Tab/Passport checkbox' (Root cause: org.openqa.selenium.NoSuchWindowException: Unable to locate window
Build info: version: '3.7.1', revision: '8a0099a', time: '2017-11-06T21:07:36.161Z'
System info: host: 'Angels-Mac.local', ip: 'fe80:0:0:0:10f3:9edc:1f17:cb75%en0', os.name: 'Mac OS X', os.arch: 'x86_64', os.version: '10.12.6', java.version: '1.8.0_102'
Driver info: com.kms.katalon.core.webui.driver.firefox.CGeckoDriver
Capabilities {acceptInsecureCerts: true, browserName: firefox, browserVersion: 58.0.2, javascriptEnabled: true, moz:accessibilityChecks: false, moz:headless: false, moz:processID: 27071, moz:profile: /var/folders/y0/rsrcpgc92v1..., moz:webdriverClick: true, pageLoadStrategy: normal, platform: MAC, platformName: MAC, platformVersion: 16.7.0, proxy: Proxy(direct), rotatable: false, timeouts: {implicit: 0, pageLoad: 300000, script: 30000}}
Session ID: 02e27611-7206-8045-acd2-e2d1024ca819
*** Element info: {Using=xpath, value=//iframe[@id = 'iframe_id']})

2018-02-26 16:52:52 - [MESSAGE][WARNING] - Cannot take screenshot

2018-02-26 16:52:52 - [MESSAGE][FAILED] - Unable to check object 'Object Repository/My Details Tab/Passport checkbox' (Root cause: org.openqa.selenium.NoSuchWindowException: Unable to locate window
Build info: version: '3.7.1', revision: '8a0099a', time: '2017-11-06T21:07:36.161Z'
System info: host: 'Angels-Mac.local', ip: 'fe80:0:0:0:10f3:9edc:1f17:cb75%en0', os.name: 'Mac OS X', os.arch: 'x86_64', os.version: '10.12.6', java.version: '1.8.0_102'
Driver info: com.kms.katalon.core.webui.driver.firefox.CGeckoDriver
Capabilities {acceptInsecureCerts: true, browserName: firefox, browserVersion: 58.0.2, javascriptEnabled: true, moz:accessibilityChecks: false, moz:headless: false, moz:processID: 27071, moz:profile: /var/folders/y0/rsrcpgc92v1..., moz:webdriverClick: true, pageLoadStrategy: normal, platform: MAC, platformName: MAC, platformVersion: 16.7.0, proxy: Proxy(direct), rotatable: false, timeouts: {implicit: 0, pageLoad: 300000, script: 30000}}
Session ID: 02e27611-7206-8045-acd2-e2d1024ca819
*** Element info: {Using=xpath, value=//iframe[@id = 'iframe_id']})

2018-02-26 16:52:52 - [TEST_STEP][FAILED] - verifyElementNotVisibleInViewport: Unable to verify if object 'Object Repository/My Details Tab/My NRIC Field Invalid Msg' is not visible in viewport (Root cause: org.openqa.selenium.NoSuchWindowException: Unable to locate window
Build info: version: '3.7.1', revision: '8a0099a', time: '2017-11-06T21:07:36.161Z'
System info: host: 'Angels-Mac.local', ip: 'fe80:0:0:0:10f3:9edc:1f17:cb75%en0', os.name: 'Mac OS X', os.arch: 'x86_64', os.version: '10.12.6', java.version: '1.8.0_102'
Driver info: com.kms.katalon.core.webui.driver.firefox.CGeckoDriver
Capabilities {acceptInsecureCerts: true, browserName: firefox, browserVersion: 58.0.2, javascriptEnabled: true, moz:accessibilityChecks: false, moz:headless: false, moz:processID: 27071, moz:profile: /var/folders/y0/rsrcpgc92v1..., moz:webdriverClick: true, pageLoadStrategy: normal, platform: MAC, platformName: MAC, platformVersion: 16.7.0, proxy: Proxy(direct), rotatable: false, timeouts: {implicit: 0, pageLoad: 300000, script: 30000}}
Session ID: 02e27611-7206-8045-acd2-e2d1024ca819
*** Element info: {Using=xpath, value=//iframe[@id = 'iframe_id']})

2018-02-26 16:52:52 - [MESSAGE][WARNING] - Timeout '0' is invalid. Using default page load timeout: '30'

2018-02-26 16:52:52 - [MESSAGE][WARNING] - Cannot take screenshot

2018-02-26 16:52:52 - [MESSAGE][FAILED] - Unable to verify if object 'Object Repository/My Details Tab/My NRIC Field Invalid Msg' is not visible in viewport (Root cause: org.openqa.selenium.NoSuchWindowException: Unable to locate window
Build info: version: '3.7.1', revision: '8a0099a', time: '2017-11-06T21:07:36.161Z'
System info: host: 'Angels-Mac.local', ip: 'fe80:0:0:0:10f3:9edc:1f17:cb75%en0', os.name: 'Mac OS X', os.arch: 'x86_64', os.version: '10.12.6', java.version: '1.8.0_102'
Driver info: com.kms.katalon.core.webui.driver.firefox.CGeckoDriver
Capabilities {acceptInsecureCerts: true, browserName: firefox, browserVersion: 58.0.2, javascriptEnabled: true, moz:accessibilityChecks: false, moz:headless: false, moz:processID: 27071, moz:profile: /var/folders/y0/rsrcpgc92v1..., moz:webdriverClick: true, pageLoadStrategy: normal, platform: MAC, platformName: MAC, platformVersion: 16.7.0, proxy: Proxy(direct), rotatable: false, timeouts: {implicit: 0, pageLoad: 300000, script: 30000}}
Session ID: 02e27611-7206-8045-acd2-e2d1024ca819
*** Element info: {Using=xpath, value=//iframe[@id = 'iframe_id']})

2018-02-26 16:52:52 - [TEST_STEP][FAILED] - uncheck: Unable to un-check object 'Object Repository/My Details Tab/Passport checkbox' (Root cause: org.openqa.selenium.NoSuchWindowException: Unable to locate window
Build info: version: '3.7.1', revision: '8a0099a', time: '2017-11-06T21:07:36.161Z'
System info: host: 'Angels-Mac.local', ip: 'fe80:0:0:0:10f3:9edc:1f17:cb75%en0', os.name: 'Mac OS X', os.arch: 'x86_64', os.version: '10.12.6', java.version: '1.8.0_102'
Driver info: com.kms.katalon.core.webui.driver.firefox.CGeckoDriver
Capabilities {acceptInsecureCerts: true, browserName: firefox, browserVersion: 58.0.2, javascriptEnabled: true, moz:accessibilityChecks: false, moz:headless: false, moz:processID: 27071, moz:profile: /var/folders/y0/rsrcpgc92v1..., moz:webdriverClick: true, pageLoadStrategy: normal, platform: MAC, platformName: MAC, platformVersion: 16.7.0, proxy: Proxy(direct), rotatable: false, timeouts: {implicit: 0, pageLoad: 300000, script: 30000}}
Session ID: 02e27611-7206-8045-acd2-e2d1024ca819
*** Element info: {Using=xpath, value=//iframe[@id = 'iframe_id']})

2018-02-26 16:52:52 - [MESSAGE][WARNING] - Cannot take screenshot

2018-02-26 16:52:52 - [MESSAGE][FAILED] - Unable to un-check object 'Object Repository/My Details Tab/Passport checkbox' (Root cause: org.openqa.selenium.NoSuchWindowException: Unable to locate window
Build info: version: '3.7.1', revision: '8a0099a', time: '2017-11-06T21:07:36.161Z'
System info: host: 'Angels-Mac.local', ip: 'fe80:0:0:0:10f3:9edc:1f17:cb75%en0', os.name: 'Mac OS X', os.arch: 'x86_64', os.version: '10.12.6', java.version: '1.8.0_102'
Driver info: com.kms.katalon.core.webui.driver.firefox.CGeckoDriver
Capabilities {acceptInsecureCerts: true, browserName: firefox, browserVersion: 58.0.2, javascriptEnabled: true, moz:accessibilityChecks: false, moz:headless: false, moz:processID: 27071, moz:profile: /var/folders/y0/rsrcpgc92v1..., moz:webdriverClick: true, pageLoadStrategy: normal, platform: MAC, platformName: MAC, platformVersion: 16.7.0, proxy: Proxy(direct), rotatable: false, timeouts: {implicit: 0, pageLoad: 300000, script: 30000}}
Session ID: 02e27611-7206-8045-acd2-e2d1024ca819
*** Element info: {Using=xpath, value=//iframe[@id = 'iframe_id']})

2018-02-26 16:52:52 - [TEST_STEP][FAILED] - verifyElementText: Verify element text of test object 'Object Repository/My Details Tab/My NRIC Field Invalid Msg' FAILED. (Root cause: org.openqa.selenium.NoSuchWindowException: Unable to locate window
Build info: version: '3.7.1', revision: '8a0099a', time: '2017-11-06T21:07:36.161Z'
System info: host: 'Angels-Mac.local', ip: 'fe80:0:0:0:10f3:9edc:1f17:cb75%en0', os.name: 'Mac OS X', os.arch: 'x86_64', os.version: '10.12.6', java.version: '1.8.0_102'
Driver info: com.kms.katalon.core.webui.driver.firefox.CGeckoDriver
Capabilities {acceptInsecureCerts: true, browserName: firefox, browserVersion: 58.0.2, javascriptEnabled: true, moz:accessibilityChecks: false, moz:headless: false, moz:processID: 27071, moz:profile: /var/folders/y0/rsrcpgc92v1..., moz:webdriverClick: true, pageLoadStrategy: normal, platform: MAC, platformName: MAC, platformVersion: 16.7.0, proxy: Proxy(direct), rotatable: false, timeouts: {implicit: 0, pageLoad: 300000, script: 30000}}
Session ID: 02e27611-7206-8045-acd2-e2d1024ca819
*** Element info: {Using=xpath, value=//iframe[@id = 'iframe_id']})

2018-02-26 16:52:52 - [MESSAGE][WARNING] - Cannot take screenshot

2018-02-26 16:52:52 - [MESSAGE][FAILED] - Verify element text of test object 'Object Repository/My Details Tab/My NRIC Field Invalid Msg' FAILED. (Root cause: org.openqa.selenium.NoSuchWindowException: Unable to locate window
Build info: version: '3.7.1', revision: '8a0099a', time: '2017-11-06T21:07:36.161Z'
System info: host: 'Angels-Mac.local', ip: 'fe80:0:0:0:10f3:9edc:1f17:cb75%en0', os.name: 'Mac OS X', os.arch: 'x86_64', os.version: '10.12.6', java.version: '1.8.0_102'
Driver info: com.kms.katalon.core.webui.driver.firefox.CGeckoDriver
Capabilities {acceptInsecureCerts: true, browserName: firefox, browserVersion: 58.0.2, javascriptEnabled: true, moz:accessibilityChecks: false, moz:headless: false, moz:processID: 27071, moz:profile: /var/folders/y0/rsrcpgc92v1..., moz:webdriverClick: true, pageLoadStrategy: normal, platform: MAC, platformName: MAC, platformVersion: 16.7.0, proxy: Proxy(direct), rotatable: false, timeouts: {implicit: 0, pageLoad: 300000, script: 30000}}
Session ID: 02e27611-7206-8045-acd2-e2d1024ca819
*** Element info: {Using=xpath, value=//iframe[@id = 'iframe_id']})

2018-02-26 16:52:52 - [TEST_STEP][FAILED] - clearText: Unable to clear text of object 'Object Repository/My Details Tab/My NRIC Field' (Root cause: org.openqa.selenium.NoSuchWindowException: Unable to locate window
Build info: version: '3.7.1', revision: '8a0099a', time: '2017-11-06T21:07:36.161Z'
System info: host: 'Angels-Mac.local', ip: 'fe80:0:0:0:10f3:9edc:1f17:cb75%en0', os.name: 'Mac OS X', os.arch: 'x86_64', os.version: '10.12.6', java.version: '1.8.0_102'
Driver info: com.kms.katalon.core.webui.driver.firefox.CGeckoDriver
Capabilities {acceptInsecureCerts: true, browserName: firefox, browserVersion: 58.0.2, javascriptEnabled: true, moz:accessibilityChecks: false, moz:headless: false, moz:processID: 27071, moz:profile: /var/folders/y0/rsrcpgc92v1..., moz:webdriverClick: true, pageLoadStrategy: normal, platform: MAC, platformName: MAC, platformVersion: 16.7.0, proxy: Proxy(direct), rotatable: false, timeouts: {implicit: 0, pageLoad: 300000, script: 30000}}
Session ID: 02e27611-7206-8045-acd2-e2d1024ca819
*** Element info: {Using=xpath, value=//iframe[@id = 'iframe_id']})

2018-02-26 16:52:52 - [MESSAGE][WARNING] - Cannot take screenshot

2018-02-26 16:52:52 - [MESSAGE][FAILED] - Unable to clear text of object 'Object Repository/My Details Tab/My NRIC Field' (Root cause: org.openqa.selenium.NoSuchWindowException: Unable to locate window
Build info: version: '3.7.1', revision: '8a0099a', time: '2017-11-06T21:07:36.161Z'
System info: host: 'Angels-Mac.local', ip: 'fe80:0:0:0:10f3:9edc:1f17:cb75%en0', os.name: 'Mac OS X', os.arch: 'x86_64', os.version: '10.12.6', java.version: '1.8.0_102'
Driver info: com.kms.katalon.core.webui.driver.firefox.CGeckoDriver
Capabilities {acceptInsecureCerts: true, browserName: firefox, browserVersion: 58.0.2, javascriptEnabled: true, moz:accessibilityChecks: false, moz:headless: false, moz:processID: 27071, moz:profile: /var/folders/y0/rsrcpgc92v1..., moz:webdriverClick: true, pageLoadStrategy: normal, platform: MAC, platformName: MAC, platformVersion: 16.7.0, proxy: Proxy(direct), rotatable: false, timeouts: {implicit: 0, pageLoad: 300000, script: 30000}}
Session ID: 02e27611-7206-8045-acd2-e2d1024ca819
*** Element info: {Using=xpath, value=//iframe[@id = 'iframe_id']})

2018-02-26 16:52:52 - [TEST_STEP][FAILED] - click: Unable to click on object 'Object Repository/My Details Tab/My Name label' (Root cause: org.openqa.selenium.NoSuchWindowException: Unable to locate window
Build info: version: '3.7.1', revision: '8a0099a', time: '2017-11-06T21:07:36.161Z'
System info: host: 'Angels-Mac.local', ip: 'fe80:0:0:0:10f3:9edc:1f17:cb75%en0', os.name: 'Mac OS X', os.arch: 'x86_64', os.version: '10.12.6', java.version: '1.8.0_102'
Driver info: com.kms.katalon.core.webui.driver.firefox.CGeckoDriver
Capabilities {acceptInsecureCerts: true, browserName: firefox, browserVersion: 58.0.2, javascriptEnabled: true, moz:accessibilityChecks: false, moz:headless: false, moz:processID: 27071, moz:profile: /var/folders/y0/rsrcpgc92v1..., moz:webdriverClick: true, pageLoadStrategy: normal, platform: MAC, platformName: MAC, platformVersion: 16.7.0, proxy: Proxy(direct), rotatable: false, timeouts: {implicit: 0, pageLoad: 300000, script: 30000}}
Session ID: 02e27611-7206-8045-acd2-e2d1024ca819
*** Element info: {Using=xpath, value=//iframe[@id = 'iframe_id']})

2018-02-26 16:52:52 - [MESSAGE][WARNING] - Cannot take screenshot

2018-02-26 16:52:52 - [MESSAGE][FAILED] - Unable to click on object 'Object Repository/My Details Tab/My Name label' (Root cause: org.openqa.selenium.NoSuchWindowException: Unable to locate window
Build info: version: '3.7.1', revision: '8a0099a', time: '2017-11-06T21:07:36.161Z'
System info: host: 'Angels-Mac.local', ip: 'fe80:0:0:0:10f3:9edc:1f17:cb75%en0', os.name: 'Mac OS X', os.arch: 'x86_64', os.version: '10.12.6', java.version: '1.8.0_102'
Driver info: com.kms.katalon.core.webui.driver.firefox.CGeckoDriver
Capabilities {acceptInsecureCerts: true, browserName: firefox, browserVersion: 58.0.2, javascriptEnabled: true, moz:accessibilityChecks: false, moz:headless: false, moz:processID: 27071, moz:profile: /var/folders/y0/rsrcpgc92v1..., moz:webdriverClick: true, pageLoadStrategy: normal, platform: MAC, platformName: MAC, platformVersion: 16.7.0, proxy: Proxy(direct), rotatable: false, timeouts: {implicit: 0, pageLoad: 300000, script: 30000}}
Session ID: 02e27611-7206-8045-acd2-e2d1024ca819
*** Element info: {Using=xpath, value=//iframe[@id = 'iframe_id']})

2018-02-26 16:52:53 - [TEST_STEP][FAILED] - verifyElementText: Verify element text of test object 'Object Repository/My Details Tab/My NRIC Field Invalid Msg' FAILED. (Root cause: org.openqa.selenium.NoSuchWindowException: Unable to locate window
Build info: version: '3.7.1', revision: '8a0099a', time: '2017-11-06T21:07:36.161Z'
System info: host: 'Angels-Mac.local', ip: 'fe80:0:0:0:10f3:9edc:1f17:cb75%en0', os.name: 'Mac OS X', os.arch: 'x86_64', os.version: '10.12.6', java.version: '1.8.0_102'
Driver info: com.kms.katalon.core.webui.driver.firefox.CGeckoDriver
Capabilities {acceptInsecureCerts: true, browserName: firefox, browserVersion: 58.0.2, javascriptEnabled: true, moz:accessibilityChecks: false, moz:headless: false, moz:processID: 27071, moz:profile: /var/folders/y0/rsrcpgc92v1..., moz:webdriverClick: true, pageLoadStrategy: normal, platform: MAC, platformName: MAC, platformVersion: 16.7.0, proxy: Proxy(direct), rotatable: false, timeouts: {implicit: 0, pageLoad: 300000, script: 30000}}
Session ID: 02e27611-7206-8045-acd2-e2d1024ca819
*** Element info: {Using=xpath, value=//iframe[@id = 'iframe_id']})

2018-02-26 16:52:53 - [MESSAGE][WARNING] - Cannot take screenshot

2018-02-26 16:52:53 - [MESSAGE][FAILED] - Verify element text of test object 'Object Repository/My Details Tab/My NRIC Field Invalid Msg' FAILED. (Root cause: org.openqa.selenium.NoSuchWindowException: Unable to locate window
Build info: version: '3.7.1', revision: '8a0099a', time: '2017-11-06T21:07:36.161Z'
System info: host: 'Angels-Mac.local', ip: 'fe80:0:0:0:10f3:9edc:1f17:cb75%en0', os.name: 'Mac OS X', os.arch: 'x86_64', os.version: '10.12.6', java.version: '1.8.0_102'
Driver info: com.kms.katalon.core.webui.driver.firefox.CGeckoDriver
Capabilities {acceptInsecureCerts: true, browserName: firefox, browserVersion: 58.0.2, javascriptEnabled: true, moz:accessibilityChecks: false, moz:headless: false, moz:processID: 27071, moz:profile: /var/folders/y0/rsrcpgc92v1..., moz:webdriverClick: true, pageLoadStrategy: normal, platform: MAC, platformName: MAC, platformVersion: 16.7.0, proxy: Proxy(direct), rotatable: false, timeouts: {implicit: 0, pageLoad: 300000, script: 30000}}
Session ID: 02e27611-7206-8045-acd2-e2d1024ca819
*** Element info: {Using=xpath, value=//iframe[@id = 'iframe_id']})

2018-02-26 16:52:53 - [TEST_STEP][FAILED] - setText: Unable to set text 'T0648142B' of object 'Object Repository/My Details Tab/My NRIC Field' (Root cause: org.openqa.selenium.NoSuchWindowException: Unable to locate window
Build info: version: '3.7.1', revision: '8a0099a', time: '2017-11-06T21:07:36.161Z'
System info: host: 'Angels-Mac.local', ip: 'fe80:0:0:0:10f3:9edc:1f17:cb75%en0', os.name: 'Mac OS X', os.arch: 'x86_64', os.version: '10.12.6', java.version: '1.8.0_102'
Driver info: com.kms.katalon.core.webui.driver.firefox.CGeckoDriver
Capabilities {acceptInsecureCerts: true, browserName: firefox, browserVersion: 58.0.2, javascriptEnabled: true, moz:accessibilityChecks: false, moz:headless: false, moz:processID: 27071, moz:profile: /var/folders/y0/rsrcpgc92v1..., moz:webdriverClick: true, pageLoadStrategy: normal, platform: MAC, platformName: MAC, platformVersion: 16.7.0, proxy: Proxy(direct), rotatable: false, timeouts: {implicit: 0, pageLoad: 300000, script: 30000}}
Session ID: 02e27611-7206-8045-acd2-e2d1024ca819
*** Element info: {Using=xpath, value=//iframe[@id = 'iframe_id']})

2018-02-26 16:52:53 - [MESSAGE][WARNING] - Cannot take screenshot

2018-02-26 16:52:53 - [MESSAGE][FAILED] - Unable to set text 'T0648142B' of object 'Object Repository/My Details Tab/My NRIC Field' (Root cause: org.openqa.selenium.NoSuchWindowException: Unable to locate window
Build info: version: '3.7.1', revision: '8a0099a', time: '2017-11-06T21:07:36.161Z'
System info: host: 'Angels-Mac.local', ip: 'fe80:0:0:0:10f3:9edc:1f17:cb75%en0', os.name: 'Mac OS X', os.arch: 'x86_64', os.version: '10.12.6', java.version: '1.8.0_102'
Driver info: com.kms.katalon.core.webui.driver.firefox.CGeckoDriver
Capabilities {acceptInsecureCerts: true, browserName: firefox, browserVersion: 58.0.2, javascriptEnabled: true, moz:accessibilityChecks: false, moz:headless: false, moz:processID: 27071, moz:profile: /var/folders/y0/rsrcpgc92v1..., moz:webdriverClick: true, pageLoadStrategy: normal, platform: MAC, platformName: MAC, platformVersion: 16.7.0, proxy: Proxy(direct), rotatable: false, timeouts: {implicit: 0, pageLoad: 300000, script: 30000}}
Session ID: 02e27611-7206-8045-acd2-e2d1024ca819
*** Element info: {Using=xpath, value=//iframe[@id = 'iframe_id']})

2018-02-26 16:52:53 - [TEST_STEP][FAILED] - click: Unable to click on object 'Object Repository/My Details Tab/My Name label' (Root cause: org.openqa.selenium.NoSuchWindowException: Unable to locate window
Build info: version: '3.7.1', revision: '8a0099a', time: '2017-11-06T21:07:36.161Z'
System info: host: 'Angels-Mac.local', ip: 'fe80:0:0:0:10f3:9edc:1f17:cb75%en0', os.name: 'Mac OS X', os.arch: 'x86_64', os.version: '10.12.6', java.version: '1.8.0_102'
Driver info: com.kms.katalon.core.webui.driver.firefox.CGeckoDriver
Capabilities {acceptInsecureCerts: true, browserName: firefox, browserVersion: 58.0.2, javascriptEnabled: true, moz:accessibilityChecks: false, moz:headless: false, moz:processID: 27071, moz:profile: /var/folders/y0/rsrcpgc92v1..., moz:webdriverClick: true, pageLoadStrategy: normal, platform: MAC, platformName: MAC, platformVersion: 16.7.0, proxy: Proxy(direct), rotatable: false, timeouts: {implicit: 0, pageLoad: 300000, script: 30000}}
Session ID: 02e27611-7206-8045-acd2-e2d1024ca819
*** Element info: {Using=xpath, value=//iframe[@id = 'iframe_id']})

2018-02-26 16:52:53 - [MESSAGE][WARNING] - Cannot take screenshot

2018-02-26 16:52:53 - [MESSAGE][FAILED] - Unable to click on object 'Object Repository/My Details Tab/My Name label' (Root cause: org.openqa.selenium.NoSuchWindowException: Unable to locate window
Build info: version: '3.7.1', revision: '8a0099a', time: '2017-11-06T21:07:36.161Z'
System info: host: 'Angels-Mac.local', ip: 'fe80:0:0:0:10f3:9edc:1f17:cb75%en0', os.name: 'Mac OS X', os.arch: 'x86_64', os.version: '10.12.6', java.version: '1.8.0_102'
Driver info: com.kms.katalon.core.webui.driver.firefox.CGeckoDriver
Capabilities {acceptInsecureCerts: true, browserName: firefox, browserVersion: 58.0.2, javascriptEnabled: true, moz:accessibilityChecks: false, moz:headless: false, moz:processID: 27071, moz:profile: /var/folders/y0/rsrcpgc92v1..., moz:webdriverClick: true, pageLoadStrategy: normal, platform: MAC, platformName: MAC, platformVersion: 16.7.0, proxy: Proxy(direct), rotatable: false, timeouts: {implicit: 0, pageLoad: 300000, script: 30000}}
Session ID: 02e27611-7206-8045-acd2-e2d1024ca819
*** Element info: {Using=xpath, value=//iframe[@id = 'iframe_id']})

2018-02-26 16:52:53 - [TEST_STEP][FAILED] - verifyElementNotVisibleInViewport: Unable to verify if object 'Object Repository/My Details Tab/My NRIC Field Invalid Msg' is not visible in viewport (Root cause: org.openqa.selenium.NoSuchWindowException: Unable to locate window
Build info: version: '3.7.1', revision: '8a0099a', time: '2017-11-06T21:07:36.161Z'
System info: host: 'Angels-Mac.local', ip: 'fe80:0:0:0:10f3:9edc:1f17:cb75%en0', os.name: 'Mac OS X', os.arch: 'x86_64', os.version: '10.12.6', java.version: '1.8.0_102'
Driver info: com.kms.katalon.core.webui.driver.firefox.CGeckoDriver
Capabilities {acceptInsecureCerts: true, browserName: firefox, browserVersion: 58.0.2, javascriptEnabled: true, moz:accessibilityChecks: false, moz:headless: false, moz:processID: 27071, moz:profile: /var/folders/y0/rsrcpgc92v1..., moz:webdriverClick: true, pageLoadStrategy: normal, platform: MAC, platformName: MAC, platformVersion: 16.7.0, proxy: Proxy(direct), rotatable: false, timeouts: {implicit: 0, pageLoad: 300000, script: 30000}}
Session ID: 02e27611-7206-8045-acd2-e2d1024ca819
*** Element info: {Using=xpath, value=//iframe[@id = 'iframe_id']})

2018-02-26 16:52:53 - [MESSAGE][WARNING] - Timeout '0' is invalid. Using default page load timeout: '30'

2018-02-26 16:52:53 - [MESSAGE][WARNING] - Cannot take screenshot

2018-02-26 16:52:53 - [MESSAGE][FAILED] - Unable to verify if object 'Object Repository/My Details Tab/My NRIC Field Invalid Msg' is not visible in viewport (Root cause: org.openqa.selenium.NoSuchWindowException: Unable to locate window
Build info: version: '3.7.1', revision: '8a0099a', time: '2017-11-06T21:07:36.161Z'
System info: host: 'Angels-Mac.local', ip: 'fe80:0:0:0:10f3:9edc:1f17:cb75%en0', os.name: 'Mac OS X', os.arch: 'x86_64', os.version: '10.12.6', java.version: '1.8.0_102'
Driver info: com.kms.katalon.core.webui.driver.firefox.CGeckoDriver
[...]
Build info: version: '3.7.1', revision: '8a0099a', time: '2017-11-06T21:07:36.161Z'
System info: host: 'Angels-Mac.local', ip: 'fe80:0:0:0:10f3:9edc:1f17:cb75%en0', os.name: 'Mac OS X', os.arch: 'x86_64', os.version: '10.12.6', java.version: '1.8.0_102'
Driver info: com.kms.katalon.core.webui.driver.firefox.CGeckoDriver
Capabilities {acceptInsecureCerts: true, browserName: firefox, browserVersion: 58.0.2, javascriptEnabled: true, moz:accessibilityChecks: false, moz:headless: false, moz:processID: 27089, moz:profile: /var/folders/y0/rsrcpgc92v1..., moz:webdriverClick: true, pageLoadStrategy: normal, platform: MAC, platformName: MAC, platformVersion: 16.7.0, proxy: Proxy(direct), rotatable: false, timeouts: {implicit: 0, pageLoad: 300000, script: 30000}}
Session ID: 8cb19d0f-355c-6d47-a58c-4d2bb8a49f2a
*** Element info: {Using=xpath, value=//iframe[@id = 'iframe_id']})

2018-02-26 16:53:26 - [TEST_STEP][FAILED] - verifyElementText: Verify element text of test object 'Object Repository/My Details Tab/Residential Address Field' FAILED. (Root cause: org.openqa.selenium.NoSuchWindowException: Unable to locate window
Build info: version: '3.7.1', revision: '8a0099a', time: '2017-11-06T21:07:36.161Z'
System info: host: 'Angels-Mac.local', ip: 'fe80:0:0:0:10f3:9edc:1f17:cb75%en0', os.name: 'Mac OS X', os.arch: 'x86_64', os.version: '10.12.6', java.version: '1.8.0_102'
Driver info: com.kms.katalon.core.webui.driver.firefox.CGeckoDriver
Capabilities {acceptInsecureCerts: true, browserName: firefox, browserVersion: 58.0.2, javascriptEnabled: true, moz:accessibilityChecks: false, moz:headless: false, moz:processID: 27089, moz:profile: /var/folders/y0/rsrcpgc92v1..., moz:webdriverClick: true, pageLoadStrategy: normal, platform: MAC, platformName: MAC, platformVersion: 16.7.0, proxy: Proxy(direct), rotatable: false, timeouts: {implicit: 0, pageLoad: 300000, script: 30000}}
Session ID: 8cb19d0f-355c-6d47-a58c-4d2bb8a49f2a
*** Element info: {Using=xpath, value=//iframe[@id = 'iframe_id']})

2018-02-26 16:53:26 - [MESSAGE][WARNING] - Cannot take screenshot

2018-02-26 16:53:26 - [MESSAGE][FAILED] - Verify element text of test object 'Object Repository/My Details Tab/Residential Address Field' FAILED. (Root cause: org.openqa.selenium.NoSuchWindowException: Unable to locate window
Build info: version: '3.7.1', revision: '8a0099a', time: '2017-11-06T21:07:36.161Z'
System info: host: 'Angels-Mac.local', ip: 'fe80:0:0:0:10f3:9edc:1f17:cb75%en0', os.name: 'Mac OS X', os.arch: 'x86_64', os.version: '10.12.6', java.version: '1.8.0_102'
Driver info: com.kms.katalon.core.webui.driver.firefox.CGeckoDriver
Capabilities {acceptInsecureCerts: true, browserName: firefox, browserVersion: 58.0.2, javascriptEnabled: true, moz:accessibilityChecks: false, moz:headless: false, moz:processID: 27089, moz:profile: /var/folders/y0/rsrcpgc92v1..., moz:webdriverClick: true, pageLoadStrategy: normal, platform: MAC, platformName: MAC, platformVersion: 16.7.0, proxy: Proxy(direct), rotatable: false, timeouts: {implicit: 0, pageLoad: 300000, script: 30000}}
Session ID: 8cb19d0f-355c-6d47-a58c-4d2bb8a49f2a
*** Element info: {Using=xpath, value=//iframe[@id = 'iframe_id']})]]></system-out>
         <system-err><![CDATA[2018-02-26 16:52:53 - [TEST_CASE][FAILED] - Test Cases/MY DETAILS TAB TEST: Test Cases/MY DETAILS TAB TEST FAILED because (of) com.kms.katalon.core.webui.exception.WebElementNotFoundException: Web element with id: 'Object Repository/Test Link Page_IFrame/iframeid' located by 'By.xpath: //iframe[@id = 'iframe_id']' not found]]></system-err>
      </testcase>
      <testcase name="Test Cases/MY DETAILS TAB TEST" classname="Test Cases/MY DETAILS TAB TEST" status="FAILED">
         <failure type="FAILED" message="com.kms.katalon.core.webui.exception.WebElementNotFoundException: Web element with id: 'Object Repository/Test Link Page_IFrame/iframeid' located by 'By.xpath: //iframe[@id = 'iframe_id']' not found"/>
         <system-out><![CDATA[2018-02-26 16:53:26 - [TEST_CASE][FAILED] - Test Cases/MY DETAILS TAB TEST: Test Cases/MY DETAILS TAB TEST FAILED because (of) com.kms.katalon.core.webui.exception.WebElementNotFoundException: Web element with id: 'Object Repository/Test Link Page_IFrame/iframeid' located by 'By.xpath: //iframe[@id = 'iframe_id']' not found

2018-02-26 16:53:26 - [TEST_STEP][PASSED] - openBrowser: Browser is opened with url: ''

2018-02-26 16:53:26 - [MESSAGE][WARNING] - A browser is already opened. Closing browser and opening a new one

2018-02-26 16:53:32 - [MESSAGE][PASSED] - Browser is opened with url: ''

2018-02-26 16:53:32 - [TEST_STEP][PASSED] - maximizeWindow: Current window maximized

2018-02-26 16:53:36 - [MESSAGE][PASSED] - Current window maximized

2018-02-26 16:53:36 - [TEST_STEP][PASSED] - navigateToUrl: Navigate to 'http://sit104.sit.startinpoint.com:9080/FEBWrapperApp/' successfully

2018-02-26 16:53:36 - [MESSAGE][PASSED] - Navigate to 'http://sit104.sit.startinpoint.com:9080/FEBWrapperApp/' successfully

2018-02-26 16:53:36 - [TEST_STEP][PASSED] - waitForPageLoad: Wait for page load successfully

2018-02-26 16:53:36 - [MESSAGE][PASSED] - Wait for page load successfully

2018-02-26 16:53:36 - [TEST_STEP][PASSED] - waitForElementPresent: Object 'Object Repository/Test Link Page_IFrame/testlink_inputField' is present

2018-02-26 16:53:36 - [MESSAGE][PASSED] - Object 'Object Repository/Test Link Page_IFrame/testlink_inputField' is present

2018-02-26 16:53:36 - [TEST_STEP][PASSED] - setText: Text 'DOCTY_GRP=A|NNAME=MR. AMIR BIN KASIRAN|VNAME=LASTIE/ NAME|O_CONSTYP=CN|UNNAME=REDDY PALAGATI NISHANTH|USERID=ZIBMPALAGATI|ADDR=BLK 108, %2305-301, TAMPINES STREET 11, Singapore 521108|EMAIL=qsm@ttsh.com.sg|EXTNR=S1205651F|TELNO=1800-2529913|IDNO=24260517766963|FTEMPL=ISH_COMNNCLEN1.101.UAT|EDIT=Y|EINRI=ALEX|FDESC=CONSENT FORM (ENGLISH)|FTYPE=NEFRCONS|FOLDER=0000000919|LTOKEN=4DF80CAB1C0D7B0CCC89DD80EC8465|PATNR=0004838179|PAT_LVL=Y|STATUS=01|TCODE=NV2001|UNAMEIND=Y|VOID=Y|TEST_FLAG=1
' is set on object 'Object Repository/Test Link Page_IFrame/testlink_inputField'

2018-02-26 16:53:37 - [MESSAGE][PASSED] - Text 'DOCTY_GRP=A|NNAME=MR. AMIR BIN KASIRAN|VNAME=LASTIE/ NAME|O_CONSTYP=CN|UNNAME=REDDY PALAGATI NISHANTH|USERID=ZIBMPALAGATI|ADDR=BLK 108, %2305-301, TAMPINES STREET 11, Singapore 521108|EMAIL=qsm@ttsh.com.sg|EXTNR=S1205651F|TELNO=1800-2529913|IDNO=24260517766963|FTEMPL=ISH_COMNNCLEN1.101.UAT|EDIT=Y|EINRI=ALEX|FDESC=CONSENT FORM (ENGLISH)|FTYPE=NEFRCONS|FOLDER=0000000919|LTOKEN=4DF80CAB1C0D7B0CCC89DD80EC8465|PATNR=0004838179|PAT_LVL=Y|STATUS=01|TCODE=NV2001|UNAMEIND=Y|VOID=Y|TEST_FLAG=1
' is set on object 'Object Repository/Test Link Page_IFrame/testlink_inputField'

2018-02-26 16:53:37 - [TEST_STEP][PASSED] - click: Object: 'Object Repository/Test Link Page_IFrame/testlink_btn' is clicked on

2018-02-26 16:53:38 - [MESSAGE][PASSED] - Object: 'Object Repository/Test Link Page_IFrame/testlink_btn' is clicked on

2018-02-26 16:53:38 - [TEST_STEP][PASSED] - waitForPageLoad: Wait for page load successfully

2018-02-26 16:53:38 - [MESSAGE][PASSED] - Wait for page load successfully

2018-02-26 16:53:38 - [TEST_STEP][FAILED] - verifyElementPresent: com.kms.katalon.core.webui.exception.WebElementNotFoundException: Web element with id: 'Object Repository/Test Link Page_IFrame/iframeid' located by 'By.xpath: //iframe[@id = 'iframe_id']' not found

2018-02-26 16:53:41 - [MESSAGE][FAILED] - com.kms.katalon.core.webui.exception.WebElementNotFoundException: Web element with id: 'Object Repository/Test Link Page_IFrame/iframeid' located by 'By.xpath: //iframe[@id = 'iframe_id']' not found
[[ATTACHMENT|/Users/angelwong/Documents/Documents/EFORMS/06 Test Tool/ALEX NEFR TESTING/Reports/NEFR Launch New Form /20180226_165155/1519635221255.png]]

2018-02-26 16:53:41 - [TEST_STEP][PASSED] - delay: Delayed 2 second(s)

2018-02-26 16:53:43 - [MESSAGE][PASSED] - Delayed 2 second(s)

2018-02-26 16:53:43 - [TEST_STEP][FAILED] - Statement - If (com.kms.katalon.core.webui.keyword.WebUiBuiltInKeywords.verifyElementPresent(com.kms.katalon.core.testobject.ObjectRepository.findTestObject(Test Link Page_IFrame/input_j_username), 0)): com.kms.katalon.core.webui.exception.WebElementNotFoundException: Web element with id: 'Object Repository/Test Link Page_IFrame/iframeid' located by 'By.xpath: //iframe[@id = 'iframe_id']' not found

2018-02-26 16:53:43 - [MESSAGE][WARNING] - Timeout '0' is invalid. Using default page load timeout: '30'

2018-02-26 16:54:14 - [MESSAGE][FAILED] - com.kms.katalon.core.webui.exception.WebElementNotFoundException: Web element with id: 'Object Repository/Test Link Page_IFrame/iframeid' located by 'By.xpath: //iframe[@id = 'iframe_id']' not found
[[ATTACHMENT|/Users/angelwong/Documents/Documents/EFORMS/06 Test Tool/ALEX NEFR TESTING/Reports/NEFR Launch New Form /20180226_165155/1519635254607.png]]

2018-02-26 16:54:14 - [TEST_STEP][FAILED] - Statement - applicantAdd = com.kms.katalon.core.webui.keyword.WebUiBuiltInKeywords.getText(com.kms.katalon.core.testobject.ObjectRepository.findTestObject(Applicant Tab/Main Residential Address Field )): Unable to get text of object 'Object Repository/Applicant Tab/Main Residential Address Field ' (Root cause: com.kms.katalon.core.webui.exception.WebElementNotFoundException: Web element with id: 'Object Repository/Test Link Page_IFrame/iframeid' located by 'By.xpath: //iframe[@id = 'iframe_id']' not found)

2018-02-26 16:54:45 - [MESSAGE][FAILED] - Unable to get text of object 'Object Repository/Applicant Tab/Main Residential Address Field ' (Root cause: com.kms.katalon.core.webui.exception.WebElementNotFoundException: Web element with id: 'Object Repository/Test Link Page_IFrame/iframeid' located by 'By.xpath: //iframe[@id = 'iframe_id']' not found)
[[ATTACHMENT|/Users/angelwong/Documents/Documents/EFORMS/06 Test Tool/ALEX NEFR TESTING/Reports/NEFR Launch New Form /20180226_165155/1519635285481.png]]

2018-02-26 16:54:45 - [TEST_STEP][FAILED] - click: Unable to click on object 'Object Repository/My Details Tab/My Details tab btn' (Root cause: com.kms.katalon.core.webui.exception.WebElementNotFoundException: Web element with id: 'Object Repository/Test Link Page_IFrame/iframeid' located by 'By.xpath: //iframe[@id = 'iframe_id']' not found)

2018-02-26 16:55:16 - [MESSAGE][FAILED] - Unable to click on object 'Object Repository/My Details Tab/My Details tab btn' (Root cause: com.kms.katalon.core.webui.exception.WebElementNotFoundException: Web element with id: 'Object Repository/Test Link Page_IFrame/iframeid' located by 'By.xpath: //iframe[@id = 'iframe_id']' not found)
[[ATTACHMENT|/Users/angelwong/Documents/Documents/EFORMS/06 Test Tool/ALEX NEFR TESTING/Reports/NEFR Launch New Form /20180226_165155/1519635316429.png]]

2018-02-26 16:55:16 - [TEST_STEP][FAILED] - verifyElementText: com.kms.katalon.core.webui.exception.WebElementNotFoundException: Web element with id: 'Object Repository/Test Link Page_IFrame/iframeid' located by 'By.xpath: //iframe[@id = 'iframe_id']' not found

2018-02-26 16:55:47 - [MESSAGE][FAILED] - com.kms.katalon.core.webui.exception.WebElementNotFoundException: Web element with id: 'Object Repository/Test Link Page_IFrame/iframeid' located by 'By.xpath: //iframe[@id = 'iframe_id']' not found
[[ATTACHMENT|/Users/angelwong/Documents/Documents/EFORMS/06 Test Tool/ALEX NEFR TESTING/Reports/NEFR Launch New Form /20180226_165155/1519635347357.png]]

2018-02-26 16:55:47 - [TEST_STEP][PASSED] - verifyElementAttributeValue: Object 'Object Repository/My Details Tab/My Name Field' is not present

2018-02-26 16:55:47 - [MESSAGE][WARNING] - Timeout '0' is invalid. Using default page load timeout: '30'

2018-02-26 16:56:18 - [MESSAGE][WARNING] - Object 'Object Repository/My Details Tab/My Name Field' is not present

2018-02-26 16:56:18 - [TEST_STEP][FAILED] - verifyElementText: com.kms.katalon.core.webui.exception.WebElementNotFoundException: Web element with id: 'Object Repository/Test Link Page_IFrame/iframeid' located by 'By.xpath: //iframe[@id = 'iframe_id']' not found

2018-02-26 16:56:49 - [MESSAGE][FAILED] - com.kms.katalon.core.webui.exception.WebElementNotFoundException: Web element with id: 'Object Repository/Test Link Page_IFrame/iframeid' located by 'By.xpath: //iframe[@id = 'iframe_id']' not found
[[ATTACHMENT|/Users/angelwong/Documents/Documents/EFORMS/06 Test Tool/ALEX NEFR TESTING/Reports/NEFR Launch New Form /20180226_165155/1519635408934.png]]

2018-02-26 16:56:49 - [TEST_STEP][PASSED] - verifyElementAttributeValue: Object 'Object Repository/My Details Tab/My NRIC Field' is not present

2018-02-26 16:56:49 - [MESSAGE][WARNING] - Timeout '0' is invalid. Using default page load timeout: '30'

2018-02-26 16:57:19 - [MESSAGE][WARNING] - Object 'Object Repository/My Details Tab/My NRIC Field' is not present

2018-02-26 16:57:19 - [TEST_STEP][FAILED] - verifyElementText: com.kms.katalon.core.webui.exception.WebElementNotFoundException: Web element with id: 'Object Repository/Test Link Page_IFrame/iframeid' located by 'By.xpath: //iframe[@id = 'iframe_id']' not found

2018-02-26 16:57:50 - [MESSAGE][FAILED] - com.kms.katalon.core.webui.exception.WebElementNotFoundException: Web element with id: 'Object Repository/Test Link Page_IFrame/iframeid' located by 'By.xpath: //iframe[@id = 'iframe_id']' not found
[[ATTACHMENT|/Users/angelwong/Documents/Documents/EFORMS/06 Test Tool/ALEX NEFR TESTING/Reports/NEFR Launch New Form /20180226_165155/1519635470375.png]]

2018-02-26 16:57:50 - [TEST_STEP][FAILED] - verifyElementPresent: com.kms.katalon.core.webui.exception.WebElementNotFoundException: Web element with id: 'Object Repository/Test Link Page_IFrame/iframeid' located by 'By.xpath: //iframe[@id = 'iframe_id']' not found

2018-02-26 16:57:50 - [MESSAGE][WARNING] - Timeout '0' is invalid. Using default page load timeout: '30'

2018-02-26 16:58:21 - [MESSAGE][FAILED] - com.kms.katalon.core.webui.exception.WebElementNotFoundException: Web element with id: 'Object Repository/Test Link Page_IFrame/iframeid' located by 'By.xpath: //iframe[@id = 'iframe_id']' not found
[[ATTACHMENT|/Users/angelwong/Documents/Documents/EFORMS/06 Test Tool/ALEX NEFR TESTING/Reports/NEFR Launch New Form /20180226_165155/1519635501437.png]]

2018-02-26 16:58:21 - [TEST_STEP][FAILED] - verifyElementText: com.kms.katalon.core.webui.exception.WebElementNotFoundException: Web element with id: 'Object Repository/Test Link Page_IFrame/iframeid' located by 'By.xpath: //iframe[@id = 'iframe_id']' not found

2018-02-26 16:58:52 - [MESSAGE][FAILED] - com.kms.katalon.core.webui.exception.WebElementNotFoundException: Web element with id: 'Object Repository/Test Link Page_IFrame/iframeid' located by 'By.xpath: //iframe[@id = 'iframe_id']' not found
[[ATTACHMENT|/Users/angelwong/Documents/Documents/EFORMS/06 Test Tool/ALEX NEFR TESTING/Reports/NEFR Launch New Form /20180226_165155/1519635532291.png]]

2018-02-26 16:58:52 - [TEST_STEP][PASSED] - verifyElementAttributeValue: Object 'Object Repository/My Details Tab/Residential Address Field' is not present

2018-02-26 16:58:52 - [MESSAGE][WARNING] - Timeout '0' is invalid. Using default page load timeout: '30'

2018-02-26 16:59:23 - [MESSAGE][WARNING] - Object 'Object Repository/My Details Tab/Residential Address Field' is not present

2018-02-26 16:59:23 - [TEST_STEP][FAILED] - verifyElementText: com.kms.katalon.core.webui.exception.WebElementNotFoundException: Web element with id: 'Object Repository/Test Link Page_IFrame/iframeid' located by 'By.xpath: //iframe[@id = 'iframe_id']' not found

2018-02-26 16:59:54 - [MESSAGE][FAILED] - com.kms.katalon.core.webui.exception.WebElementNotFoundException: Web element with id: 'Object Repository/Test Link Page_IFrame/iframeid' located by 'By.xpath: //iframe[@id = 'iframe_id']' not found
[[ATTACHMENT|/Users/angelwong/Documents/Documents/EFORMS/06 Test Tool/ALEX NEFR TESTING/Reports/NEFR Launch New Form /20180226_165155/1519635593628.png]]

2018-02-26 16:59:54 - [TEST_STEP][FAILED] - Statement - If (O_CONSTYP == "CN"): Verify element text of test object 'Object Repository/My Details Tab/Residential Address Field' FAILED. (Root cause: com.kms.katalon.core.webui.exception.WebElementNotFoundException: Web element with id: 'Object Repository/Test Link Page_IFrame/iframeid' located by 'By.xpath: //iframe[@id = 'iframe_id']' not found)

2018-02-26 16:59:54 - [TEST_STEP][PASSED] - verifyElementHasAttribute: Object 'Object Repository/My Details Tab/My Name Field' is not present

2018-02-26 16:59:54 - [MESSAGE][WARNING] - Timeout '0' is invalid. Using default page load timeout: '30'

2018-02-26 17:00:24 - [MESSAGE][WARNING] - Object 'Object Repository/My Details Tab/My Name Field' is not present

2018-02-26 17:00:24 - [TEST_STEP][PASSED] - verifyElementHasAttribute: Object 'Object Repository/My Details Tab/My NRIC Field' is not present

2018-02-26 17:00:24 - [MESSAGE][WARNING] - Timeout '0' is invalid. Using default page load timeout: '30'

2018-02-26 17:00:55 - [MESSAGE][WARNING] - Object 'Object Repository/My Details Tab/My NRIC Field' is not present

2018-02-26 17:00:55 - [TEST_STEP][PASSED] - verifyElementHasAttribute: Object 'Object Repository/My Details Tab/Residential Address Field' is not present

2018-02-26 17:00:55 - [MESSAGE][WARNING] - Timeout '0' is invalid. Using default page load timeout: '30'

2018-02-26 17:01:25 - [MESSAGE][WARNING] - Object 'Object Repository/My Details Tab/Residential Address Field' is not present

2018-02-26 17:01:25 - [TEST_STEP][FAILED] - verifyElementText: Verify element text of test object 'Object Repository/My Details Tab/Residential Address Field' FAILED. (Root cause: com.kms.katalon.core.webui.exception.WebElementNotFoundException: Web element with id: 'Object Repository/Test Link Page_IFrame/iframeid' located by 'By.xpath: //iframe[@id = 'iframe_id']' not found)

2018-02-26 17:01:56 - [MESSAGE][FAILED] - com.kms.katalon.core.webui.exception.WebElementNotFoundException: Web element with id: 'Object Repository/Test Link Page_IFrame/iframeid' located by 'By.xpath: //iframe[@id = 'iframe_id']' not found
[[ATTACHMENT|/Users/angelwong/Documents/Documents/EFORMS/06 Test Tool/ALEX NEFR TESTING/Reports/NEFR Launch New Form /20180226_165155/1519635716334.png]]

2018-02-26 17:01:56 - [MESSAGE][FAILED] - Verify element text of test object 'Object Repository/My Details Tab/Residential Address Field' FAILED. (Root cause: com.kms.katalon.core.webui.exception.WebElementNotFoundException: Web element with id: 'Object Repository/Test Link Page_IFrame/iframeid' located by 'By.xpath: //iframe[@id = 'iframe_id']' not found)
[[ATTACHMENT|/Users/angelwong/Documents/Documents/EFORMS/06 Test Tool/ALEX NEFR TESTING/Reports/NEFR Launch New Form /20180226_165155/1519635716576.png]]]]></system-out>
         <system-err><![CDATA[2018-02-26 16:53:26 - [TEST_CASE][FAILED] - Test Cases/MY DETAILS TAB TEST: Test Cases/MY DETAILS TAB TEST FAILED because (of) com.kms.katalon.core.webui.exception.WebElementNotFoundException: Web element with id: 'Object Repository/Test Link Page_IFrame/iframeid' located by 'By.xpath: //iframe[@id = 'iframe_id']' not found]]></system-err>
      </testcase>
      <system-out><![CDATA[2018-02-26 16:52:00 - [TEST_SUITE][FAILED] - NEFR Launch New Form : Test Cases/MY DETAILS TAB TEST FAILED because (of) com.kms.katalon.core.webui.exception.WebElementNotFoundException: Web element with id: 'Object Repository/Test Link Page_IFrame/iframeid' located by 'By.xpath: //iframe[@id = 'iframe_id']' not found]]></system-out>
      <system-err><![CDATA[2018-02-26 16:52:00 - [TEST_SUITE][FAILED] - NEFR Launch New Form : Test Cases/MY DETAILS TAB TEST FAILED because (of) com.kms.katalon.core.webui.exception.WebElementNotFoundException: Web element with id: 'Object Repository/Test Link Page_IFrame/iframeid' located by 'By.xpath: //iframe[@id = 'iframe_id']' not found]]></system-err>
   </testsuite>
</testsuites>
